Using pre-set license
Built from '2021.3/staging' branch; Version is '2021.3.26f1 (a16dc32e0ff2) revision 10579395'; Using compiler version '192829333'; Build Type 'Release'
OS: 'Windows 10  (10.0.19045) 64bit Core' Language: 'en' Physical Memory: 32474 MB
BatchMode: 1, IsHumanControllingUs: 0, StartBugReporterOnCrash: 0, Is64bit: 1, IsPro: 1

COMMAND LINE ARGUMENTS:
C:\Program Files\Unity\Hub\Editor\2021.3.26f1\Editor\Unity.exe
-adb2
-batchMode
-noUpm
-name
AssetImportWorker5
-projectPath
C:/Users/HOME/LeapMotion
-logFile
Logs/AssetImportWorker5.log
-srvPort
46526
Successfully changed project path to: C:/Users/HOME/LeapMotion
C:/Users/HOME/LeapMotion
[UnityMemory] Configuration Parameters - Can be set up in boot.config
    "memorysetup-bucket-allocator-granularity=16"
    "memorysetup-bucket-allocator-bucket-count=8"
    "memorysetup-bucket-allocator-block-size=33554432"
    "memorysetup-bucket-allocator-block-count=8"
    "memorysetup-main-allocator-block-size=16777216"
    "memorysetup-thread-allocator-block-size=16777216"
    "memorysetup-gfx-main-allocator-block-size=16777216"
    "memorysetup-gfx-thread-allocator-block-size=16777216"
    "memorysetup-cache-allocator-block-size=4194304"
    "memorysetup-typetree-allocator-block-size=2097152"
    "memorysetup-profiler-bucket-allocator-granularity=16"
    "memorysetup-profiler-bucket-allocator-bucket-count=8"
    "memorysetup-profiler-bucket-allocator-block-size=33554432"
    "memorysetup-profiler-bucket-allocator-block-count=8"
    "memorysetup-profiler-allocator-block-size=16777216"
    "memorysetup-profiler-editor-allocator-block-size=1048576"
    "memorysetup-temp-allocator-size-main=16777216"
    "memorysetup-job-temp-allocator-block-size=2097152"
    "memorysetup-job-temp-allocator-block-size-background=1048576"
    "memorysetup-job-temp-allocator-reduction-small-platforms=262144"
    "memorysetup-temp-allocator-size-background-worker=32768"
    "memorysetup-temp-allocator-size-job-worker=262144"
    "memorysetup-temp-allocator-size-preload-manager=33554432"
    "memorysetup-temp-allocator-size-nav-mesh-worker=65536"
    "memorysetup-temp-allocator-size-audio-worker=65536"
    "memorysetup-temp-allocator-size-cloud-worker=32768"
    "memorysetup-temp-allocator-size-gi-baking-worker=262144"
    "memorysetup-temp-allocator-size-gfx=262144"
Player connection [13492] Host "[IP] 192.168.128.98 [Port] 0 [Flags] 2 [Guid] 3401914205 [EditorId] 3401914205 [Version] 1048832 [Id] WindowsEditor(7,DESKTOP-6QOHEUB) [Debug] 1 [PackageName] WindowsEditor [ProjectName] Editor" joined multi-casting on [225.0.0.222:54997]...

Player connection [13492] Host "[IP] 192.168.128.98 [Port] 0 [Flags] 2 [Guid] 3401914205 [EditorId] 3401914205 [Version] 1048832 [Id] WindowsEditor(7,DESKTOP-6QOHEUB) [Debug] 1 [PackageName] WindowsEditor [ProjectName] Editor" joined alternative multi-casting on [225.0.0.222:34997]...

Refreshing native plugins compatible for Editor in 82.54 ms, found 6 plugins.
Preloading 0 native plugins for Editor in 0.00 ms.
Initialize engine version: 2021.3.26f1 (a16dc32e0ff2)
[Subsystems] Discovering subsystems at path C:/Program Files/Unity/Hub/Editor/2021.3.26f1/Editor/Data/Resources/UnitySubsystems
[Subsystems] Discovering subsystems at path C:/Users/HOME/LeapMotion/Assets
GfxDevice: creating device client; threaded=0; jobified=0
Direct3D:
    Version:  Direct3D 11.0 [level 11.1]
    Renderer: NVIDIA GeForce RTX 3080 Ti (ID=0x2208)
    Vendor:   NVIDIA
    VRAM:     12100 MB
    Driver:   31.0.15.3699
Initialize mono
Mono path[0] = 'C:/Program Files/Unity/Hub/Editor/2021.3.26f1/Editor/Data/Managed'
Mono path[1] = 'C:/Program Files/Unity/Hub/Editor/2021.3.26f1/Editor/Data/MonoBleedingEdge/lib/mono/unityjit-win32'
Mono config path = 'C:/Program Files/Unity/Hub/Editor/2021.3.26f1/Editor/Data/MonoBleedingEdge/etc'
Using monoOptions --debugger-agent=transport=dt_socket,embedding=1,server=y,suspend=n,address=127.0.0.1:56680
Begin MonoManager ReloadAssembly
Registering precompiled unity dll's ...
Register platform support module: C:/Program Files/Unity/Hub/Editor/2021.3.26f1/Editor/Data/PlaybackEngines/WebGLSupport/UnityEditor.WebGL.Extensions.dll
Register platform support module: C:/Program Files/Unity/Hub/Editor/2021.3.26f1/Editor/Data/PlaybackEngines/AndroidPlayer/UnityEditor.Android.Extensions.dll
Register platform support module: C:/Program Files/Unity/Hub/Editor/2021.3.26f1/Editor/Data/PlaybackEngines/iOSSupport/UnityEditor.iOS.Extensions.dll
Register platform support module: C:/Program Files/Unity/Hub/Editor/2021.3.26f1/Editor/Data/PlaybackEngines/WindowsStandaloneSupport/UnityEditor.WindowsStandalone.Extensions.dll
Registered in 0.013308 seconds.
Native extension for WindowsStandalone target not found
[usbmuxd] Start listen thread
[usbmuxd] Listen thread started
Native extension for iOS target not found
Native extension for Android target not found
Android Extension - Scanning For ADB Devices 336 ms
Native extension for WebGL target not found
Refreshing native plugins compatible for Editor in 79.94 ms, found 6 plugins.
Preloading 0 native plugins for Editor in 0.00 ms.
Mono: successfully reloaded assembly
- Completed reload, in  1.170 seconds
Domain Reload Profiling:
	ReloadAssembly (1171ms)
		BeginReloadAssembly (102ms)
			ExecutionOrderSort (0ms)
			DisableScriptedObjects (0ms)
			BackupInstance (0ms)
			ReleaseScriptingObjects (0ms)
			CreateAndSetChildDomain (1ms)
		EndReloadAssembly (944ms)
			LoadAssemblies (99ms)
			RebuildTransferFunctionScriptingTraits (0ms)
			SetupTypeCache (125ms)
			ReleaseScriptCaches (0ms)
			RebuildScriptCaches (40ms)
			SetupLoadedEditorAssemblies (715ms)
				LogAssemblyErrors (0ms)
				InitializePlatformSupportModulesInManaged (460ms)
				SetLoadedEditorAssemblies (0ms)
				RefreshPlugins (80ms)
				BeforeProcessingInitializeOnLoad (2ms)
				ProcessInitializeOnLoadAttributes (118ms)
				ProcessInitializeOnLoadMethodAttributes (55ms)
				AfterProcessingInitializeOnLoad (0ms)
				EditorAssembliesLoaded (0ms)
			ExecutionOrderSort2 (0ms)
			AwakeInstancesAfterBackupRestoration (0ms)
Platform modules already initialized, skipping
Registering precompiled user dll's ...
Registered in 0.007583 seconds.
Begin MonoManager ReloadAssembly
Symbol file LoadedFromMemory doesn't match image C:\Users\HOME\LeapMotion\Library\PackageCache\com.unity.visualscripting@1.8.0\Editor\VisualScripting.Core\Dependencies\YamlDotNet\Unity.VisualScripting.YamlDotNet.dll
Symbol file LoadedFromMemory doesn't match image C:\Users\HOME\LeapMotion\Library\PackageCache\com.unity.visualscripting@1.8.0\Editor\VisualScripting.Core\Dependencies\DotNetZip\Unity.VisualScripting.IonicZip.dll
Native extension for WindowsStandalone target not found
Native extension for iOS target not found
Native extension for Android target not found
Native extension for WebGL target not found
Refreshing native plugins compatible for Editor in 0.60 ms, found 6 plugins.
Preloading 0 native plugins for Editor in 0.00 ms.
Package Manager log level set to [2]
Mono: successfully reloaded assembly
- Completed reload, in  1.321 seconds
Domain Reload Profiling:
	ReloadAssembly (1322ms)
		BeginReloadAssembly (153ms)
			ExecutionOrderSort (0ms)
			DisableScriptedObjects (7ms)
			BackupInstance (0ms)
			ReleaseScriptingObjects (0ms)
			CreateAndSetChildDomain (24ms)
		EndReloadAssembly (1027ms)
			LoadAssemblies (121ms)
			RebuildTransferFunctionScriptingTraits (0ms)
			SetupTypeCache (309ms)
			ReleaseScriptCaches (1ms)
			RebuildScriptCaches (68ms)
			SetupLoadedEditorAssemblies (464ms)
				LogAssemblyErrors (0ms)
				InitializePlatformSupportModulesInManaged (45ms)
				SetLoadedEditorAssemblies (0ms)
				RefreshPlugins (1ms)
				BeforeProcessingInitializeOnLoad (110ms)
				ProcessInitializeOnLoadAttributes (272ms)
				ProcessInitializeOnLoadMethodAttributes (24ms)
				AfterProcessingInitializeOnLoad (12ms)
				EditorAssembliesLoaded (0ms)
			ExecutionOrderSort2 (0ms)
			AwakeInstancesAfterBackupRestoration (8ms)
Platform modules already initialized, skipping
========================================================================
Worker process is ready to serve import requests
Launched and connected shader compiler UnityShaderCompiler.exe after 0.06 seconds
Refreshing native plugins compatible for Editor in 0.53 ms, found 6 plugins.
Preloading 0 native plugins for Editor in 0.00 ms.
Unloading 3635 Unused Serialized files (Serialized files now loaded: 0)
Unloading 30 unused Assets / (312.2 KB). Loaded Objects now: 4098.
Memory consumption went from 134.0 MB to 133.7 MB.
Total: 2.581700 ms (FindLiveObjects: 0.206600 ms CreateObjectMapping: 0.091200 ms MarkObjects: 2.186300 ms  DeleteObjects: 0.096200 ms)

AssetImportParameters requested are different than current active one (requested -> active):
  custom:video-decoder-ogg-theora: a1e56fd34408186e4bbccfd4996cb3dc -> 
  custom:container-muxer-webm: aa71ff27fc2769a1b78a27578f13a17b -> 
  custom:container-demuxer-webm: 4f35f7cbe854078d1ac9338744f61a02 -> 
  custom:video-encoder-webm-vp8: eb34c28f22e8b96e1ab97ce403110664 -> 
  custom:audio-encoder-webm-vorbis: bf7c407c2cedff20999df2af8eb42d56 -> 
  custom:framework-win-MediaFoundation: 216162199b28c13a410421893ffa2e32 -> 
  custom:container-demuxer-ogg: 62fdf1f143b41e24485cea50d1cbac27 -> 
  custom:video-decoder-webm-vp8: 9c59270c3fd7afecdb556c50c9e8de78 -> 
  custom:audio-decoder-ogg-vorbis: bf7c407c2cedff20999df2af8eb42d56 -> 
========================================================================
Received Import Request.
  Time since last request: 487193.627428 seconds.
  path: Assets/TextMesh Pro/Resources/LineBreaking Leading Characters.txt
  artifactKey: Guid(d82c1b31c7e74239bff1220585707d2b) Importer(2089858483,0ecaa5967403d082aa24f35e1b516d23)
Start importing Assets/TextMesh Pro/Resources/LineBreaking Leading Characters.txt using Guid(d82c1b31c7e74239bff1220585707d2b) Importer(2089858483,0ecaa5967403d082aa24f35e1b516d23) Generated GUIDs only implemented for interfaces!
 -> (artifact id: '48d82f49a0a07b3af45067f42ba71e1f') in 0.125802 seconds 
========================================================================
Received Import Request.
  Time since last request: 0.000028 seconds.
  path: Assets/TextMesh Pro/Sprites/EmojiOne.json
  artifactKey: Guid(8f05276190cf498a8153f6cbe761d4e6) Importer(2089858483,0ecaa5967403d082aa24f35e1b516d23)
Start importing Assets/TextMesh Pro/Sprites/EmojiOne.json using Guid(8f05276190cf498a8153f6cbe761d4e6) Importer(2089858483,0ecaa5967403d082aa24f35e1b516d23) Generated GUIDs only implemented for interfaces!
 -> (artifact id: 'e718e5562dfd45c5bd656c46cc73731f') in 0.021122 seconds 
========================================================================
Received Import Request.
  Time since last request: 0.000027 seconds.
  path: Assets/Examples/Example Assets/3D Models/Ultraleap_Cylinder.fbx
  artifactKey: Guid(3e9aac49da2e4bc4e8783952cab8b65a) Importer(2089858483,0ecaa5967403d082aa24f35e1b516d23)
Start importing Assets/Examples/Example Assets/3D Models/Ultraleap_Cylinder.fbx using Guid(3e9aac49da2e4bc4e8783952cab8b65a) Importer(2089858483,0ecaa5967403d082aa24f35e1b516d23) Generated GUIDs only implemented for interfaces!
 -> (artifact id: '9951015e1f0c82d157d14271d38a9368') in 0.129614 seconds 
========================================================================
Received Import Request.
  Time since last request: 0.000026 seconds.
  path: Assets/Scene/1. Pose Recorder.unity
  artifactKey: Guid(3665d3f02b483554cbdcd21af62eee3f) Importer(2089858483,0ecaa5967403d082aa24f35e1b516d23)
Start importing Assets/Scene/1. Pose Recorder.unity using Guid(3665d3f02b483554cbdcd21af62eee3f) Importer(2089858483,0ecaa5967403d082aa24f35e1b516d23) Generated GUIDs only implemented for interfaces!
 -> (artifact id: '95c1385245162d874893ae6a3dabbc4d') in 0.013023 seconds 
========================================================================
Received Import Request.
  Time since last request: 0.000036 seconds.
  path: Assets/Examples/Example Assets/Materials/IE Example Button Magenta.mat
  artifactKey: Guid(69b1643ce1326a54eb20c5022c2482ad) Importer(2089858483,0ecaa5967403d082aa24f35e1b516d23)
Start importing Assets/Examples/Example Assets/Materials/IE Example Button Magenta.mat using Guid(69b1643ce1326a54eb20c5022c2482ad) Importer(2089858483,0ecaa5967403d082aa24f35e1b516d23) Generated GUIDs only implemented for interfaces!
 -> (artifact id: 'f94bbbb0882d5ae109fe643801398996') in 0.037853 seconds 
========================================================================
Received Import Request.
  Time since last request: 0.000024 seconds.
  path: Assets/Examples/Example Assets/3D Models/Ultraleap_Sphere.fbx
  artifactKey: Guid(3115314df8b535f4aae69d4c60bdd069) Importer(2089858483,0ecaa5967403d082aa24f35e1b516d23)
Start importing Assets/Examples/Example Assets/3D Models/Ultraleap_Sphere.fbx using Guid(3115314df8b535f4aae69d4c60bdd069) Importer(2089858483,0ecaa5967403d082aa24f35e1b516d23) Generated GUIDs only implemented for interfaces!
 -> (artifact id: '84326ee5656ffc7b8dfdb1d49098ca6c') in 0.034570 seconds 
========================================================================
Received Import Request.
  Time since last request: 0.000027 seconds.
  path: Assets/Anchor Objects.prefab
  artifactKey: Guid(0c58a74809179a042826e63a40f6d4b9) Importer(2089858483,0ecaa5967403d082aa24f35e1b516d23)
Start importing Assets/Anchor Objects.prefab using Guid(0c58a74809179a042826e63a40f6d4b9) Importer(2089858483,0ecaa5967403d082aa24f35e1b516d23) Generated GUIDs only implemented for interfaces!
 -> (artifact id: 'c82e412175464eca2559bbf062124893') in 0.027417 seconds 
========================================================================
Received Import Request.
  Time since last request: 0.000025 seconds.
  path: Assets/Examples/Example Assets/3D Models/WireCube.obj
  artifactKey: Guid(8ee2dc8e65eab9b4c9123f88fe7484a7) Importer(2089858483,0ecaa5967403d082aa24f35e1b516d23)
Start importing Assets/Examples/Example Assets/3D Models/WireCube.obj using Guid(8ee2dc8e65eab9b4c9123f88fe7484a7) Importer(2089858483,0ecaa5967403d082aa24f35e1b516d23) Generated GUIDs only implemented for interfaces!
 -> (artifact id: 'd9aff352d973b9c2cfba710486b8ed8a') in 0.031504 seconds 
========================================================================
Received Import Request.
  Time since last request: 0.000028 seconds.
  path: Assets/TextMesh Pro/Sprites/EmojiOne Attribution.txt
  artifactKey: Guid(381dcb09d5029d14897e55f98031fca5) Importer(2089858483,0ecaa5967403d082aa24f35e1b516d23)
Start importing Assets/TextMesh Pro/Sprites/EmojiOne Attribution.txt using Guid(381dcb09d5029d14897e55f98031fca5) Importer(2089858483,0ecaa5967403d082aa24f35e1b516d23) Generated GUIDs only implemented for interfaces!
 -> (artifact id: '28370c7ef9c6cd01d03cd9edcfc904b6') in 0.018086 seconds 
========================================================================
Received Import Request.
  Time since last request: 0.000023 seconds.
  path: Assets/Examples/Example Assets/Font/Now-Regular.otf
  artifactKey: Guid(bbeaa8436640dcc498518820577e86a3) Importer(2089858483,0ecaa5967403d082aa24f35e1b516d23)
Start importing Assets/Examples/Example Assets/Font/Now-Regular.otf using Guid(bbeaa8436640dcc498518820577e86a3) Importer(2089858483,0ecaa5967403d082aa24f35e1b516d23) Generated GUIDs only implemented for interfaces!
 -> (artifact id: '082b004f5a7f6fb033d560e74f48195c') in 0.039866 seconds 
========================================================================
Received Import Request.
  Time since last request: 0.000025 seconds.
  path: Assets/TextMesh Pro/Shaders/TMP_SDF Overlay.shader
  artifactKey: Guid(dd89cf5b9246416f84610a006f916af7) Importer(2089858483,0ecaa5967403d082aa24f35e1b516d23)
Start importing Assets/TextMesh Pro/Shaders/TMP_SDF Overlay.shader using Guid(dd89cf5b9246416f84610a006f916af7) Importer(2089858483,0ecaa5967403d082aa24f35e1b516d23) Generated GUIDs only implemented for interfaces!
 -> (artifact id: 'b866b3826ed6276c8bed242db8743b7a') in 0.026142 seconds 
========================================================================
Received Import Request.
  Time since last request: 0.000041 seconds.
  path: Assets/TextMesh Pro/Shaders/TMP_SDF-Mobile SSD.shader
  artifactKey: Guid(c8d12adcee749c344b8117cf7c7eb912) Importer(2089858483,0ecaa5967403d082aa24f35e1b516d23)
Start importing Assets/TextMesh Pro/Shaders/TMP_SDF-Mobile SSD.shader using Guid(c8d12adcee749c344b8117cf7c7eb912) Importer(2089858483,0ecaa5967403d082aa24f35e1b516d23) Generated GUIDs only implemented for interfaces!
 -> (artifact id: 'f3321da48e136079190e664c9120c402') in 0.016848 seconds 
========================================================================
Received Import Request.
  Time since last request: 0.000025 seconds.
  path: Assets/TextMesh Pro/Resources/LineBreaking Following Characters.txt
  artifactKey: Guid(fade42e8bc714b018fac513c043d323b) Importer(2089858483,0ecaa5967403d082aa24f35e1b516d23)
Start importing Assets/TextMesh Pro/Resources/LineBreaking Following Characters.txt using Guid(fade42e8bc714b018fac513c043d323b) Importer(2089858483,0ecaa5967403d082aa24f35e1b516d23) Generated GUIDs only implemented for interfaces!
 -> (artifact id: 'bfc034c0525424ef0fe9afea1694120b') in 0.012185 seconds 
========================================================================
Received Import Request.
  Time since last request: 0.000024 seconds.
  path: Assets/Examples/Example Assets/Materials/DottedLineShader.shader
  artifactKey: Guid(295709a2961e70847ae4c1f028f32fb0) Importer(2089858483,0ecaa5967403d082aa24f35e1b516d23)
Start importing Assets/Examples/Example Assets/Materials/DottedLineShader.shader using Guid(295709a2961e70847ae4c1f028f32fb0) Importer(2089858483,0ecaa5967403d082aa24f35e1b516d23) Generated GUIDs only implemented for interfaces!
 -> (artifact id: 'cbf02fc7b755b60370fca5820c76fc48') in 0.013531 seconds 
========================================================================
Received Import Request.
  Time since last request: 0.000024 seconds.
  path: Assets/Examples/Example Assets/Font/Now-Light.otf
  artifactKey: Guid(7397991fd148e8b4481078110744c5d0) Importer(2089858483,0ecaa5967403d082aa24f35e1b516d23)
Start importing Assets/Examples/Example Assets/Font/Now-Light.otf using Guid(7397991fd148e8b4481078110744c5d0) Importer(2089858483,0ecaa5967403d082aa24f35e1b516d23) Generated GUIDs only implemented for interfaces!
 -> (artifact id: '18d87fb88c1d942d2f49ebaa3f06e8df') in 0.021557 seconds 
========================================================================
Received Import Request.
  Time since last request: 0.000025 seconds.
  path: Assets/Examples/Example Assets/3D Models/Turntable-line.fbx
  artifactKey: Guid(5d05ca2da1e3f8842a21211fec879f12) Importer(2089858483,0ecaa5967403d082aa24f35e1b516d23)
Start importing Assets/Examples/Example Assets/3D Models/Turntable-line.fbx using Guid(5d05ca2da1e3f8842a21211fec879f12) Importer(2089858483,0ecaa5967403d082aa24f35e1b516d23) Generated GUIDs only implemented for interfaces!
 -> (artifact id: '2ee37eb2b893cb86554677bbd3f41025') in 0.027363 seconds 
========================================================================
Received Import Request.
  Time since last request: 0.000027 seconds.
  path: Assets/Examples/Example Assets/Materials/IE Example Anchor Magenta.mat
  artifactKey: Guid(b9d3f1e940eda314f8637d959a3a516c) Importer(2089858483,0ecaa5967403d082aa24f35e1b516d23)
Start importing Assets/Examples/Example Assets/Materials/IE Example Anchor Magenta.mat using Guid(b9d3f1e940eda314f8637d959a3a516c) Importer(2089858483,0ecaa5967403d082aa24f35e1b516d23) Generated GUIDs only implemented for interfaces!
 -> (artifact id: '26770432ae322603c478cd7866d6306e') in 0.013034 seconds 
========================================================================
Received Import Request.
  Time since last request: 0.000021 seconds.
  path: Assets/Examples/Non-XR Examples/1. Capsule Hands (Desktop).unity
  artifactKey: Guid(ceeef5f347b10844f900c423c790fd7d) Importer(2089858483,0ecaa5967403d082aa24f35e1b516d23)
Start importing Assets/Examples/Non-XR Examples/1. Capsule Hands (Desktop).unity using Guid(ceeef5f347b10844f900c423c790fd7d) Importer(2089858483,0ecaa5967403d082aa24f35e1b516d23) Generated GUIDs only implemented for interfaces!
 -> (artifact id: 'a7a3376de5e48086b7b468f399afb212') in 0.011211 seconds 
========================================================================
Received Import Request.
  Time since last request: 0.000022 seconds.
  path: Assets/Examples/Example Assets/Materials/DottedLineMaterial.mat
  artifactKey: Guid(27f2e7b4eb9f7d340a6f8f3486e3e691) Importer(2089858483,0ecaa5967403d082aa24f35e1b516d23)
Start importing Assets/Examples/Example Assets/Materials/DottedLineMaterial.mat using Guid(27f2e7b4eb9f7d340a6f8f3486e3e691) Importer(2089858483,0ecaa5967403d082aa24f35e1b516d23) Generated GUIDs only implemented for interfaces!
 -> (artifact id: '54c5891c2eed4148366315b24cb8a7e7') in 0.015403 seconds 
========================================================================
Received Import Request.
  Time since last request: 0.000023 seconds.
  path: Assets/Scene/0.Introduction to Hand Tracking in XR.unity
  artifactKey: Guid(eca25badbc5b6454ab5102a74d9df48b) Importer(2089858483,0ecaa5967403d082aa24f35e1b516d23)
Start importing Assets/Scene/0.Introduction to Hand Tracking in XR.unity using Guid(eca25badbc5b6454ab5102a74d9df48b) Importer(2089858483,0ecaa5967403d082aa24f35e1b516d23) Generated GUIDs only implemented for interfaces!
 -> (artifact id: 'e2575fb399c4f7df8c89d45efcf900e8') in 0.012062 seconds 
========================================================================
Received Import Request.
  Time since last request: 0.000023 seconds.
  path: Assets/Examples/Example Assets/3D Models/Ultraleap_Capsule.fbx
  artifactKey: Guid(79b170290d076c949a568924d966a4b9) Importer(2089858483,0ecaa5967403d082aa24f35e1b516d23)
Start importing Assets/Examples/Example Assets/3D Models/Ultraleap_Capsule.fbx using Guid(79b170290d076c949a568924d966a4b9) Importer(2089858483,0ecaa5967403d082aa24f35e1b516d23) Generated GUIDs only implemented for interfaces!
 -> (artifact id: '447920fecd98f98a4b908d0bbf1022dc') in 0.034438 seconds 
========================================================================
Received Import Request.
  Time since last request: 1.043121 seconds.
  path: Assets/Examples/Example Assets/Materials/IE Example Light Matte.mat
  artifactKey: Guid(e3e996b13676a484ebc0a80bbb24be05) Importer(2089858483,0ecaa5967403d082aa24f35e1b516d23)
Start importing Assets/Examples/Example Assets/Materials/IE Example Light Matte.mat using Guid(e3e996b13676a484ebc0a80bbb24be05) Importer(2089858483,0ecaa5967403d082aa24f35e1b516d23) Generated GUIDs only implemented for interfaces!
 -> (artifact id: '4377f767ca5b05b8056a24963a428f8e') in 0.021133 seconds 
========================================================================
Received Import Request.
  Time since last request: 0.000019 seconds.
  path: Assets/Examples/Example Assets/Materials/IE Example Prism Blue Inner.mat
  artifactKey: Guid(f99be3eba6be7de469f615e931e32b0f) Importer(2089858483,0ecaa5967403d082aa24f35e1b516d23)
Start importing Assets/Examples/Example Assets/Materials/IE Example Prism Blue Inner.mat using Guid(f99be3eba6be7de469f615e931e32b0f) Importer(2089858483,0ecaa5967403d082aa24f35e1b516d23) Generated GUIDs only implemented for interfaces!
 -> (artifact id: '5a6fe847f5dd7d45ad9db3ea44b38695') in 0.011786 seconds 
========================================================================
Received Import Request.
  Time since last request: 0.000025 seconds.
  path: Assets/Examples/Example Assets/Prefabs/Turntable.prefab
  artifactKey: Guid(0178e6ea93582fa4c9bc35ff1f43345e) Importer(2089858483,0ecaa5967403d082aa24f35e1b516d23)
Start importing Assets/Examples/Example Assets/Prefabs/Turntable.prefab using Guid(0178e6ea93582fa4c9bc35ff1f43345e) Importer(2089858483,0ecaa5967403d082aa24f35e1b516d23) Generated GUIDs only implemented for interfaces!
 -> (artifact id: '8d1c7b812a63923e6a7be9ca723fd4b2') in 0.038539 seconds 
========================================================================
Received Import Request.
  Time since last request: 0.000023 seconds.
  path: Assets/Examples/1. XR Examples/2. Building Blocks/1. Basics/1. Capsule Hands.unity
  artifactKey: Guid(b8716ea72d45ecc4f9d690226f6664d1) Importer(2089858483,0ecaa5967403d082aa24f35e1b516d23)
Start importing Assets/Examples/1. XR Examples/2. Building Blocks/1. Basics/1. Capsule Hands.unity using Guid(b8716ea72d45ecc4f9d690226f6664d1) Importer(2089858483,0ecaa5967403d082aa24f35e1b516d23) Generated GUIDs only implemented for interfaces!
 -> (artifact id: 'bab4c0097e907a747a614080ae3e23c4') in 0.011185 seconds 
========================================================================
Received Import Request.
  Time since last request: 0.000021 seconds.
  path: Assets/Examples/Example Assets/Materials/IE Example Metallic.mat
  artifactKey: Guid(bdfd2de707005aa4288a25d4ee9c3b63) Importer(2089858483,0ecaa5967403d082aa24f35e1b516d23)
Start importing Assets/Examples/Example Assets/Materials/IE Example Metallic.mat using Guid(bdfd2de707005aa4288a25d4ee9c3b63) Importer(2089858483,0ecaa5967403d082aa24f35e1b516d23) Generated GUIDs only implemented for interfaces!
 -> (artifact id: '1ce715969c6028e7507ffb0b426e71db') in 0.011454 seconds 
========================================================================
Received Import Request.
  Time since last request: 0.000023 seconds.
  path: Assets/Examples/1. XR Examples/2. Building Blocks/3. Menus & UI/3. Dynamic UI.unity
  artifactKey: Guid(329e30ace85910144998f2a756bf5c04) Importer(2089858483,0ecaa5967403d082aa24f35e1b516d23)
Start importing Assets/Examples/1. XR Examples/2. Building Blocks/3. Menus & UI/3. Dynamic UI.unity using Guid(329e30ace85910144998f2a756bf5c04) Importer(2089858483,0ecaa5967403d082aa24f35e1b516d23) Generated GUIDs only implemented for interfaces!
 -> (artifact id: '59ecf86e67286a6ab44d67007390e256') in 0.010006 seconds 
========================================================================
Received Import Request.
  Time since last request: 0.000027 seconds.
  path: Assets/Examples/Example Assets/Prefabs/XRI Interactors.prefab
  artifactKey: Guid(1ae8545277c64a044aa2a43469be2fa6) Importer(2089858483,0ecaa5967403d082aa24f35e1b516d23)
Start importing Assets/Examples/Example Assets/Prefabs/XRI Interactors.prefab using Guid(1ae8545277c64a044aa2a43469be2fa6) Importer(2089858483,0ecaa5967403d082aa24f35e1b516d23) Generated GUIDs only implemented for interfaces!
 -> (artifact id: 'b5459464803e494ae19b8dd1761a9400') in 0.017228 seconds 
========================================================================
Received Import Request.
  Time since last request: 0.000020 seconds.
  path: Assets/Examples/Example Assets/Scripts/SimpleTransformUtil.cs
  artifactKey: Guid(30bd06c3c14de474da7117555b4a43a1) Importer(2089858483,0ecaa5967403d082aa24f35e1b516d23)
Start importing Assets/Examples/Example Assets/Scripts/SimpleTransformUtil.cs using Guid(30bd06c3c14de474da7117555b4a43a1) Importer(2089858483,0ecaa5967403d082aa24f35e1b516d23) Generated GUIDs only implemented for interfaces!
 -> (artifact id: 'b8ed536f93bac4035c7dd3fb7a14d109') in 0.014974 seconds 
========================================================================
Received Import Request.
  Time since last request: 0.000026 seconds.
  path: Assets/Examples/Example Assets/Materials/IE Example Panel Blue.mat
  artifactKey: Guid(f5a3b806279e74b44b5bf9c4080225be) Importer(2089858483,0ecaa5967403d082aa24f35e1b516d23)
Start importing Assets/Examples/Example Assets/Materials/IE Example Panel Blue.mat using Guid(f5a3b806279e74b44b5bf9c4080225be) Importer(2089858483,0ecaa5967403d082aa24f35e1b516d23) Generated GUIDs only implemented for interfaces!
 -> (artifact id: 'ee50cd3b97d9435cf2f895616f784cdf') in 0.011459 seconds 
========================================================================
Received Import Request.
  Time since last request: 0.000029 seconds.
  path: Assets/Examples/Example Assets/Scripts/TransformRotationHandle.cs
  artifactKey: Guid(dd4030d81fcbf26428dd00669ec0168f) Importer(2089858483,0ecaa5967403d082aa24f35e1b516d23)
Start importing Assets/Examples/Example Assets/Scripts/TransformRotationHandle.cs using Guid(dd4030d81fcbf26428dd00669ec0168f) Importer(2089858483,0ecaa5967403d082aa24f35e1b516d23) Generated GUIDs only implemented for interfaces!
 -> (artifact id: '8f87bdb14e427352a5abf5e88b35b7fe') in 0.012067 seconds 
========================================================================
Received Import Request.
  Time since last request: 0.000023 seconds.
  path: Assets/Examples/Example Assets/Materials/IE Example SphereX.mat
  artifactKey: Guid(86566622ce0c16442bec9518e6c48937) Importer(2089858483,0ecaa5967403d082aa24f35e1b516d23)
Start importing Assets/Examples/Example Assets/Materials/IE Example SphereX.mat using Guid(86566622ce0c16442bec9518e6c48937) Importer(2089858483,0ecaa5967403d082aa24f35e1b516d23) Generated GUIDs only implemented for interfaces!
 -> (artifact id: 'e4d781a872ffb883572eed1f2d9fdd61') in 0.012591 seconds 
========================================================================
Received Import Request.
  Time since last request: 0.000024 seconds.
  path: Assets/Examples/Example Assets/Prefabs/Inertia Hand Models.prefab
  artifactKey: Guid(fff9f8f885bed8f4cadbd1f179efd843) Importer(2089858483,0ecaa5967403d082aa24f35e1b516d23)
Start importing Assets/Examples/Example Assets/Prefabs/Inertia Hand Models.prefab using Guid(fff9f8f885bed8f4cadbd1f179efd843) Importer(2089858483,0ecaa5967403d082aa24f35e1b516d23) Generated GUIDs only implemented for interfaces!
 -> (artifact id: '8881dc2bc9c5cfc92edeeaf0bb3f84c4') in 0.021893 seconds 
========================================================================
Received Import Request.
  Time since last request: 0.000025 seconds.
  path: Assets/Examples/Example Assets/Materials/IE Example SphereY.mat
  artifactKey: Guid(d4042b3053c957348b6879e3aa751969) Importer(2089858483,0ecaa5967403d082aa24f35e1b516d23)
Start importing Assets/Examples/Example Assets/Materials/IE Example SphereY.mat using Guid(d4042b3053c957348b6879e3aa751969) Importer(2089858483,0ecaa5967403d082aa24f35e1b516d23) Generated GUIDs only implemented for interfaces!
 -> (artifact id: '5377d8618c2ddcc8fc99d4faa34e6e8e') in 0.012127 seconds 
========================================================================
Received Import Request.
  Time since last request: 0.000023 seconds.
  path: Assets/Examples/Example Assets/Scripts/PoseDetectorUIText.cs
  artifactKey: Guid(d42894f5374c52c40a4e72d3552255b5) Importer(2089858483,0ecaa5967403d082aa24f35e1b516d23)
Start importing Assets/Examples/Example Assets/Scripts/PoseDetectorUIText.cs using Guid(d42894f5374c52c40a4e72d3552255b5) Importer(2089858483,0ecaa5967403d082aa24f35e1b516d23) Generated GUIDs only implemented for interfaces!
 -> (artifact id: '732b00b5cdb90b05bc5e6414860fba19') in 0.012594 seconds 
========================================================================
Received Import Request.
  Time since last request: 0.000022 seconds.
  path: Assets/TextMesh Pro/Resources/Fonts & Materials/LiberationSans SDF - Fallback.asset
  artifactKey: Guid(2e498d1c8094910479dc3e1b768306a4) Importer(2089858483,0ecaa5967403d082aa24f35e1b516d23)
Start importing Assets/TextMesh Pro/Resources/Fonts & Materials/LiberationSans SDF - Fallback.asset using Guid(2e498d1c8094910479dc3e1b768306a4) Importer(2089858483,0ecaa5967403d082aa24f35e1b516d23) Generated GUIDs only implemented for interfaces!
 -> (artifact id: 'b9b8dbb287ae8cc84875abc470f51978') in 0.043154 seconds 
========================================================================
Received Import Request.
  Time since last request: 0.000025 seconds.
  path: Assets/Examples/Example Assets/Prefabs/Dynamic UI Object (Blue).prefab
  artifactKey: Guid(6d3e45125c02bea4c9c28f57a82c3f6a) Importer(2089858483,0ecaa5967403d082aa24f35e1b516d23)
Start importing Assets/Examples/Example Assets/Prefabs/Dynamic UI Object (Blue).prefab using Guid(6d3e45125c02bea4c9c28f57a82c3f6a) Importer(2089858483,0ecaa5967403d082aa24f35e1b516d23) Generated GUIDs only implemented for interfaces!
 -> (artifact id: '45f1f94aade2aa5d75b80cbe36c7e4a1') in 0.036313 seconds 
========================================================================
Received Import Request.
  Time since last request: 0.000027 seconds.
  path: Assets/Examples/Example Assets/Scripts/ProjectionPostProcessProvider.cs
  artifactKey: Guid(27476d622d49bab41a86b9fff05af58e) Importer(2089858483,0ecaa5967403d082aa24f35e1b516d23)
Start importing Assets/Examples/Example Assets/Scripts/ProjectionPostProcessProvider.cs using Guid(27476d622d49bab41a86b9fff05af58e) Importer(2089858483,0ecaa5967403d082aa24f35e1b516d23) Generated GUIDs only implemented for interfaces!
 -> (artifact id: '2b36b5856229c907da3e2c0b4840504b') in 0.010701 seconds 
========================================================================
Received Import Request.
  Time since last request: 0.000031 seconds.
  path: Assets/Examples/Example Assets/Materials/White.mat
  artifactKey: Guid(c6dfb1e9dc9b80d498902280f13a1a5a) Importer(2089858483,0ecaa5967403d082aa24f35e1b516d23)
Start importing Assets/Examples/Example Assets/Materials/White.mat using Guid(c6dfb1e9dc9b80d498902280f13a1a5a) Importer(2089858483,0ecaa5967403d082aa24f35e1b516d23) Generated GUIDs only implemented for interfaces!
 -> (artifact id: '2c6217ea9837392f2fc2333b5b809fa5') in 0.011697 seconds 
========================================================================
Received Import Request.
  Time since last request: 0.000034 seconds.
  path: Assets/Examples/Example Assets/Scripts/SimpleGrabBallFeedback.cs
  artifactKey: Guid(3b4adda463371ef49bcad1c61e52ae8b) Importer(2089858483,0ecaa5967403d082aa24f35e1b516d23)
Start importing Assets/Examples/Example Assets/Scripts/SimpleGrabBallFeedback.cs using Guid(3b4adda463371ef49bcad1c61e52ae8b) Importer(2089858483,0ecaa5967403d082aa24f35e1b516d23) Generated GUIDs only implemented for interfaces!
 -> (artifact id: '9be48cc45fc735813ea0c57b8b0866f5') in 0.013365 seconds 
========================================================================
Received Import Request.
  Time since last request: 0.000024 seconds.
  path: Assets/Examples/Example Assets/Prefabs/Dynamic UI Object (Magenta).prefab
  artifactKey: Guid(42e8bd39fe145a8419d212958fac6589) Importer(2089858483,0ecaa5967403d082aa24f35e1b516d23)
Start importing Assets/Examples/Example Assets/Prefabs/Dynamic UI Object (Magenta).prefab using Guid(42e8bd39fe145a8419d212958fac6589) Importer(2089858483,0ecaa5967403d082aa24f35e1b516d23) Generated GUIDs only implemented for interfaces!
 -> (artifact id: '03294e02656f9fbe560da77d2776371b') in 0.025597 seconds 
========================================================================
Received Import Request.
  Time since last request: 0.034597 seconds.
  path: Assets/Examples/1. XR Examples/2. Building Blocks/5. Pose Detection/1. Pose Recorder.unity
  artifactKey: Guid(a55e9ab3836d4164f8f7e86c3f50ae99) Importer(2089858483,0ecaa5967403d082aa24f35e1b516d23)
Start importing Assets/Examples/1. XR Examples/2. Building Blocks/5. Pose Detection/1. Pose Recorder.unity using Guid(a55e9ab3836d4164f8f7e86c3f50ae99) Importer(2089858483,0ecaa5967403d082aa24f35e1b516d23) Generated GUIDs only implemented for interfaces!
 -> (artifact id: 'c1270c8527d30fa02b94de4b4e564690') in 0.008459 seconds 
========================================================================
Received Import Request.
  Time since last request: 0.000023 seconds.
  path: Assets/Examples/Example Assets/Scripts/Turntable/Turntable.cs
  artifactKey: Guid(fdefc48adb7018540a515bf1b29a2a1c) Importer(2089858483,0ecaa5967403d082aa24f35e1b516d23)
Start importing Assets/Examples/Example Assets/Scripts/Turntable/Turntable.cs using Guid(fdefc48adb7018540a515bf1b29a2a1c) Importer(2089858483,0ecaa5967403d082aa24f35e1b516d23) Generated GUIDs only implemented for interfaces!
 -> (artifact id: 'ee3b89a8d4a44e7e0cbd5eaf623635f0') in 0.009741 seconds 
========================================================================
Received Import Request.
  Time since last request: 0.000024 seconds.
  path: Assets/Samples/Magic Leap XR Plugin/6.4.1/Example XR Input Pose Providers - Requires Legacy Input Helpers 2.1.2/XRInputEyeTrackingProvider.cs
  artifactKey: Guid(0add0e893c79a1843b11399e49601b2d) Importer(2089858483,0ecaa5967403d082aa24f35e1b516d23)
Start importing Assets/Samples/Magic Leap XR Plugin/6.4.1/Example XR Input Pose Providers - Requires Legacy Input Helpers 2.1.2/XRInputEyeTrackingProvider.cs using Guid(0add0e893c79a1843b11399e49601b2d) Importer(2089858483,0ecaa5967403d082aa24f35e1b516d23) Generated GUIDs only implemented for interfaces!
 -> (artifact id: '8bc9ea0cfd89f9fcd12b367a3b6bacd9') in 0.011425 seconds 
========================================================================
Received Import Request.
  Time since last request: 0.000028 seconds.
  path: Assets/Examples/Example Assets/Hands (URP)/Materials/URP_LowPolyHand.mat
  artifactKey: Guid(7a88c3088d3a9f44fb8448700b7a30d2) Importer(2089858483,0ecaa5967403d082aa24f35e1b516d23)
Start importing Assets/Examples/Example Assets/Hands (URP)/Materials/URP_LowPolyHand.mat using Guid(7a88c3088d3a9f44fb8448700b7a30d2) Importer(2089858483,0ecaa5967403d082aa24f35e1b516d23) Generated GUIDs only implemented for interfaces!
 -> (artifact id: '2f4d440843607f9df9ec3915d70e3bb4') in 0.014716 seconds 
========================================================================
Received Import Request.
  Time since last request: 0.000023 seconds.
  path: Assets/Samples/Magic Leap XR Plugin/6.4.1/MagicLeap Rendering Samples/Tests/Unity.MagicLeap.Samples.Rendering.Tests.asmdef
  artifactKey: Guid(4718eced5dfe54941a45e56ef727725c) Importer(2089858483,0ecaa5967403d082aa24f35e1b516d23)
Start importing Assets/Samples/Magic Leap XR Plugin/6.4.1/MagicLeap Rendering Samples/Tests/Unity.MagicLeap.Samples.Rendering.Tests.asmdef using Guid(4718eced5dfe54941a45e56ef727725c) Importer(2089858483,0ecaa5967403d082aa24f35e1b516d23) Generated GUIDs only implemented for interfaces!
 -> (artifact id: '5df2e51c5a0a5de57f0166f0d6b9f82d') in 0.019413 seconds 
========================================================================
Received Import Request.
  Time since last request: 0.000024 seconds.
  path: Assets/Examples/Example Assets/Hands (URP)/Prefabs/Low Poly Hands (URP) Variant.prefab
  artifactKey: Guid(44474c4dd2994d94dae832c52f61c9aa) Importer(2089858483,0ecaa5967403d082aa24f35e1b516d23)
Start importing Assets/Examples/Example Assets/Hands (URP)/Prefabs/Low Poly Hands (URP) Variant.prefab using Guid(44474c4dd2994d94dae832c52f61c9aa) Importer(2089858483,0ecaa5967403d082aa24f35e1b516d23) Generated GUIDs only implemented for interfaces!
 -> (artifact id: 'ed0c4bb5ea1f961699c761396e904df7') in 0.033775 seconds 
========================================================================
Received Import Request.
  Time since last request: 0.000027 seconds.
  path: Assets/Examples/Example Assets/Hands (URP)/Materials/URP_Outline.mat
  artifactKey: Guid(d9c11e18744f17e44a653f01ba8c96aa) Importer(2089858483,0ecaa5967403d082aa24f35e1b516d23)
Start importing Assets/Examples/Example Assets/Hands (URP)/Materials/URP_Outline.mat using Guid(d9c11e18744f17e44a653f01ba8c96aa) Importer(2089858483,0ecaa5967403d082aa24f35e1b516d23) Generated GUIDs only implemented for interfaces!
 -> (artifact id: 'a65cff5d2f129f197de555de684e4359') in 0.027086 seconds 
========================================================================
Received Prepare
Refreshing native plugins compatible for Editor in 5.90 ms, found 6 plugins.
Preloading 0 native plugins for Editor in 0.00 ms.
Unloading 22 Unused Serialized files (Serialized files now loaded: 0)
Unloading 22 unused Assets / (48.2 KB). Loaded Objects now: 4101.
Memory consumption went from 60.2 MB to 60.2 MB.
Total: 3.934500 ms (FindLiveObjects: 0.458000 ms CreateObjectMapping: 0.132200 ms MarkObjects: 3.219900 ms  DeleteObjects: 0.123200 ms)

AssetImportParameters requested are different than current active one (requested -> active):
  custom:video-decoder-ogg-theora: a1e56fd34408186e4bbccfd4996cb3dc -> 
  custom:container-muxer-webm: aa71ff27fc2769a1b78a27578f13a17b -> 
  custom:container-demuxer-webm: 4f35f7cbe854078d1ac9338744f61a02 -> 
  custom:video-encoder-webm-vp8: eb34c28f22e8b96e1ab97ce403110664 -> 
  custom:audio-encoder-webm-vorbis: bf7c407c2cedff20999df2af8eb42d56 -> 
  custom:framework-win-MediaFoundation: 216162199b28c13a410421893ffa2e32 -> 
  custom:SearchIndexIgnoredProperties: e643bd26f0fe6173181afceb89e7c659 -> 
  custom:container-demuxer-ogg: 62fdf1f143b41e24485cea50d1cbac27 -> 
  custom:video-decoder-webm-vp8: 9c59270c3fd7afecdb556c50c9e8de78 -> 
  custom:audio-decoder-ogg-vorbis: bf7c407c2cedff20999df2af8eb42d56 -> 
