Using pre-set license
Built from '2021.3/staging' branch; Version is '2021.3.26f1 (a16dc32e0ff2) revision 10579395'; Using compiler version '192829333'; Build Type 'Release'
OS: 'Windows 10  (10.0.19045) 64bit Core' Language: 'en' Physical Memory: 32474 MB
BatchMode: 1, IsHumanControllingUs: 0, StartBugReporterOnCrash: 0, Is64bit: 1, IsPro: 1

COMMAND LINE ARGUMENTS:
C:\Program Files\Unity\Hub\Editor\2021.3.26f1\Editor\Unity.exe
-adb2
-batchMode
-noUpm
-name
AssetImportWorker2
-projectPath
C:/Users/HOME/LeapMotion
-logFile
Logs/AssetImportWorker2.log
-srvPort
46526
Successfully changed project path to: C:/Users/HOME/LeapMotion
C:/Users/HOME/LeapMotion
[UnityMemory] Configuration Parameters - Can be set up in boot.config
    "memorysetup-bucket-allocator-granularity=16"
    "memorysetup-bucket-allocator-bucket-count=8"
    "memorysetup-bucket-allocator-block-size=33554432"
    "memorysetup-bucket-allocator-block-count=8"
    "memorysetup-main-allocator-block-size=16777216"
    "memorysetup-thread-allocator-block-size=16777216"
    "memorysetup-gfx-main-allocator-block-size=16777216"
    "memorysetup-gfx-thread-allocator-block-size=16777216"
    "memorysetup-cache-allocator-block-size=4194304"
    "memorysetup-typetree-allocator-block-size=2097152"
    "memorysetup-profiler-bucket-allocator-granularity=16"
    "memorysetup-profiler-bucket-allocator-bucket-count=8"
    "memorysetup-profiler-bucket-allocator-block-size=33554432"
    "memorysetup-profiler-bucket-allocator-block-count=8"
    "memorysetup-profiler-allocator-block-size=16777216"
    "memorysetup-profiler-editor-allocator-block-size=1048576"
    "memorysetup-temp-allocator-size-main=16777216"
    "memorysetup-job-temp-allocator-block-size=2097152"
    "memorysetup-job-temp-allocator-block-size-background=1048576"
    "memorysetup-job-temp-allocator-reduction-small-platforms=262144"
    "memorysetup-temp-allocator-size-background-worker=32768"
    "memorysetup-temp-allocator-size-job-worker=262144"
    "memorysetup-temp-allocator-size-preload-manager=33554432"
    "memorysetup-temp-allocator-size-nav-mesh-worker=65536"
    "memorysetup-temp-allocator-size-audio-worker=65536"
    "memorysetup-temp-allocator-size-cloud-worker=32768"
    "memorysetup-temp-allocator-size-gi-baking-worker=262144"
    "memorysetup-temp-allocator-size-gfx=262144"
Player connection [27868] Host "[IP] 192.168.128.98 [Port] 0 [Flags] 2 [Guid] 568622099 [EditorId] 568622099 [Version] 1048832 [Id] WindowsEditor(7,DESKTOP-6QOHEUB) [Debug] 1 [PackageName] WindowsEditor [ProjectName] Editor" joined multi-casting on [225.0.0.222:54997]...

Player connection [27868] Host "[IP] 192.168.128.98 [Port] 0 [Flags] 2 [Guid] 568622099 [EditorId] 568622099 [Version] 1048832 [Id] WindowsEditor(7,DESKTOP-6QOHEUB) [Debug] 1 [PackageName] WindowsEditor [ProjectName] Editor" joined alternative multi-casting on [225.0.0.222:34997]...

Refreshing native plugins compatible for Editor in 81.05 ms, found 6 plugins.
Preloading 0 native plugins for Editor in 0.00 ms.
Initialize engine version: 2021.3.26f1 (a16dc32e0ff2)
[Subsystems] Discovering subsystems at path C:/Program Files/Unity/Hub/Editor/2021.3.26f1/Editor/Data/Resources/UnitySubsystems
[Subsystems] Discovering subsystems at path C:/Users/HOME/LeapMotion/Assets
GfxDevice: creating device client; threaded=0; jobified=0
Direct3D:
    Version:  Direct3D 11.0 [level 11.1]
    Renderer: NVIDIA GeForce RTX 3080 Ti (ID=0x2208)
    Vendor:   NVIDIA
    VRAM:     12100 MB
    Driver:   31.0.15.3699
Initialize mono
Mono path[0] = 'C:/Program Files/Unity/Hub/Editor/2021.3.26f1/Editor/Data/Managed'
Mono path[1] = 'C:/Program Files/Unity/Hub/Editor/2021.3.26f1/Editor/Data/MonoBleedingEdge/lib/mono/unityjit-win32'
Mono config path = 'C:/Program Files/Unity/Hub/Editor/2021.3.26f1/Editor/Data/MonoBleedingEdge/etc'
Using monoOptions --debugger-agent=transport=dt_socket,embedding=1,server=y,suspend=n,address=127.0.0.1:56984
Begin MonoManager ReloadAssembly
Registering precompiled unity dll's ...
Register platform support module: C:/Program Files/Unity/Hub/Editor/2021.3.26f1/Editor/Data/PlaybackEngines/WebGLSupport/UnityEditor.WebGL.Extensions.dll
Register platform support module: C:/Program Files/Unity/Hub/Editor/2021.3.26f1/Editor/Data/PlaybackEngines/AndroidPlayer/UnityEditor.Android.Extensions.dll
Register platform support module: C:/Program Files/Unity/Hub/Editor/2021.3.26f1/Editor/Data/PlaybackEngines/iOSSupport/UnityEditor.iOS.Extensions.dll
Register platform support module: C:/Program Files/Unity/Hub/Editor/2021.3.26f1/Editor/Data/PlaybackEngines/WindowsStandaloneSupport/UnityEditor.WindowsStandalone.Extensions.dll
Registered in 0.013099 seconds.
Native extension for WindowsStandalone target not found
[usbmuxd] Start listen thread
[usbmuxd] Listen thread started
Native extension for iOS target not found
Native extension for Android target not found
Android Extension - Scanning For ADB Devices 331 ms
Native extension for WebGL target not found
Refreshing native plugins compatible for Editor in 80.90 ms, found 6 plugins.
Preloading 0 native plugins for Editor in 0.00 ms.
Mono: successfully reloaded assembly
- Completed reload, in  1.166 seconds
Domain Reload Profiling:
	ReloadAssembly (1167ms)
		BeginReloadAssembly (101ms)
			ExecutionOrderSort (0ms)
			DisableScriptedObjects (0ms)
			BackupInstance (0ms)
			ReleaseScriptingObjects (0ms)
			CreateAndSetChildDomain (1ms)
		EndReloadAssembly (938ms)
			LoadAssemblies (99ms)
			RebuildTransferFunctionScriptingTraits (0ms)
			SetupTypeCache (130ms)
			ReleaseScriptCaches (0ms)
			RebuildScriptCaches (35ms)
			SetupLoadedEditorAssemblies (710ms)
				LogAssemblyErrors (0ms)
				InitializePlatformSupportModulesInManaged (455ms)
				SetLoadedEditorAssemblies (0ms)
				RefreshPlugins (81ms)
				BeforeProcessingInitializeOnLoad (1ms)
				ProcessInitializeOnLoadAttributes (116ms)
				ProcessInitializeOnLoadMethodAttributes (56ms)
				AfterProcessingInitializeOnLoad (0ms)
				EditorAssembliesLoaded (0ms)
			ExecutionOrderSort2 (0ms)
			AwakeInstancesAfterBackupRestoration (0ms)
Platform modules already initialized, skipping
Registering precompiled user dll's ...
Registered in 0.007073 seconds.
Begin MonoManager ReloadAssembly
Symbol file LoadedFromMemory doesn't match image C:\Users\HOME\LeapMotion\Library\PackageCache\com.unity.visualscripting@1.8.0\Editor\VisualScripting.Core\Dependencies\YamlDotNet\Unity.VisualScripting.YamlDotNet.dll
Symbol file LoadedFromMemory doesn't match image C:\Users\HOME\LeapMotion\Library\PackageCache\com.unity.visualscripting@1.8.0\Editor\VisualScripting.Core\Dependencies\DotNetZip\Unity.VisualScripting.IonicZip.dll
Native extension for WindowsStandalone target not found
Native extension for iOS target not found
Native extension for Android target not found
Native extension for WebGL target not found
Refreshing native plugins compatible for Editor in 0.68 ms, found 6 plugins.
Preloading 0 native plugins for Editor in 0.00 ms.
Package Manager log level set to [2]
Mono: successfully reloaded assembly
- Completed reload, in  1.321 seconds
Domain Reload Profiling:
	ReloadAssembly (1322ms)
		BeginReloadAssembly (149ms)
			ExecutionOrderSort (0ms)
			DisableScriptedObjects (7ms)
			BackupInstance (0ms)
			ReleaseScriptingObjects (0ms)
			CreateAndSetChildDomain (23ms)
		EndReloadAssembly (1031ms)
			LoadAssemblies (126ms)
			RebuildTransferFunctionScriptingTraits (0ms)
			SetupTypeCache (311ms)
			ReleaseScriptCaches (1ms)
			RebuildScriptCaches (69ms)
			SetupLoadedEditorAssemblies (468ms)
				LogAssemblyErrors (0ms)
				InitializePlatformSupportModulesInManaged (45ms)
				SetLoadedEditorAssemblies (1ms)
				RefreshPlugins (1ms)
				BeforeProcessingInitializeOnLoad (110ms)
				ProcessInitializeOnLoadAttributes (274ms)
				ProcessInitializeOnLoadMethodAttributes (24ms)
				AfterProcessingInitializeOnLoad (13ms)
				EditorAssembliesLoaded (0ms)
			ExecutionOrderSort2 (0ms)
			AwakeInstancesAfterBackupRestoration (9ms)
Platform modules already initialized, skipping
========================================================================
Worker process is ready to serve import requests
Launched and connected shader compiler UnityShaderCompiler.exe after 0.08 seconds
Refreshing native plugins compatible for Editor in 0.51 ms, found 6 plugins.
Preloading 0 native plugins for Editor in 0.00 ms.
Unloading 3635 Unused Serialized files (Serialized files now loaded: 0)
Unloading 30 unused Assets / (312.2 KB). Loaded Objects now: 4098.
Memory consumption went from 133.9 MB to 133.6 MB.
Total: 2.276200 ms (FindLiveObjects: 0.197000 ms CreateObjectMapping: 0.092900 ms MarkObjects: 1.898000 ms  DeleteObjects: 0.087400 ms)

AssetImportParameters requested are different than current active one (requested -> active):
  custom:video-decoder-ogg-theora: a1e56fd34408186e4bbccfd4996cb3dc -> 
  custom:container-muxer-webm: aa71ff27fc2769a1b78a27578f13a17b -> 
  custom:container-demuxer-webm: 4f35f7cbe854078d1ac9338744f61a02 -> 
  custom:video-encoder-webm-vp8: eb34c28f22e8b96e1ab97ce403110664 -> 
  custom:audio-encoder-webm-vorbis: bf7c407c2cedff20999df2af8eb42d56 -> 
  custom:framework-win-MediaFoundation: 216162199b28c13a410421893ffa2e32 -> 
  custom:container-demuxer-ogg: 62fdf1f143b41e24485cea50d1cbac27 -> 
  custom:video-decoder-webm-vp8: 9c59270c3fd7afecdb556c50c9e8de78 -> 
  custom:audio-decoder-ogg-vorbis: bf7c407c2cedff20999df2af8eb42d56 -> 
========================================================================
Received Import Request.
  Time since last request: 487193.677317 seconds.
  path: Assets/Examples/Example Assets/Materials/IE Example Button Panel.mat
  artifactKey: Guid(a3927224a38b4c74eb9e223111df6924) Importer(2089858483,0ecaa5967403d082aa24f35e1b516d23)
Start importing Assets/Examples/Example Assets/Materials/IE Example Button Panel.mat using Guid(a3927224a38b4c74eb9e223111df6924) Importer(2089858483,0ecaa5967403d082aa24f35e1b516d23) Generated GUIDs only implemented for interfaces!
 -> (artifact id: 'b9887cbf62d5b189f4dedfa0687e3fbe') in 0.170300 seconds 
========================================================================
Received Import Request.
  Time since last request: 0.000027 seconds.
  path: Assets/Examples/Example Assets/Materials/Base_Colour.mat
  artifactKey: Guid(f41c353172daae048971b421d489d553) Importer(2089858483,0ecaa5967403d082aa24f35e1b516d23)
Start importing Assets/Examples/Example Assets/Materials/Base_Colour.mat using Guid(f41c353172daae048971b421d489d553) Importer(2089858483,0ecaa5967403d082aa24f35e1b516d23) Generated GUIDs only implemented for interfaces!
 -> (artifact id: '434f76a4732adab4238877a39276f3bc') in 0.013548 seconds 
========================================================================
Received Import Request.
  Time since last request: 0.000027 seconds.
  path: Assets/Examples/Example Assets/Materials/IE Example Anchor Red.mat
  artifactKey: Guid(7b8e8fb53123e87458def40ee25598ae) Importer(2089858483,0ecaa5967403d082aa24f35e1b516d23)
Start importing Assets/Examples/Example Assets/Materials/IE Example Anchor Red.mat using Guid(7b8e8fb53123e87458def40ee25598ae) Importer(2089858483,0ecaa5967403d082aa24f35e1b516d23) Generated GUIDs only implemented for interfaces!
 -> (artifact id: '9dc1140d3eeca5dbd0d762167cc67b2a') in 0.012294 seconds 
========================================================================
Received Import Request.
  Time since last request: 0.000028 seconds.
  path: Assets/TextMesh Pro/Sprites/EmojiOne.png
  artifactKey: Guid(dffef66376be4fa480fb02b19edbe903) Importer(2089858483,0ecaa5967403d082aa24f35e1b516d23)
Start importing Assets/TextMesh Pro/Sprites/EmojiOne.png using Guid(dffef66376be4fa480fb02b19edbe903) Importer(2089858483,0ecaa5967403d082aa24f35e1b516d23) Generated GUIDs only implemented for interfaces!
 -> (artifact id: '0f127ac693e07673abd589c70ab78b53') in 0.099439 seconds 
========================================================================
Received Import Request.
  Time since last request: 0.000041 seconds.
  path: Assets/Examples/Example Assets/Materials/Floor.mat
  artifactKey: Guid(f745b6e649899ab448e8c5297a107c8e) Importer(2089858483,0ecaa5967403d082aa24f35e1b516d23)
Start importing Assets/Examples/Example Assets/Materials/Floor.mat using Guid(f745b6e649899ab448e8c5297a107c8e) Importer(2089858483,0ecaa5967403d082aa24f35e1b516d23) Generated GUIDs only implemented for interfaces!
 -> (artifact id: '1cc931178063c8997a328d68a4c56924') in 0.015423 seconds 
========================================================================
Received Import Request.
  Time since last request: 0.000025 seconds.
  path: Assets/Scene/3. Pose Showcase.unity
  artifactKey: Guid(1419bfe267f867f4b9d9156d16823934) Importer(2089858483,0ecaa5967403d082aa24f35e1b516d23)
Start importing Assets/Scene/3. Pose Showcase.unity using Guid(1419bfe267f867f4b9d9156d16823934) Importer(2089858483,0ecaa5967403d082aa24f35e1b516d23) Generated GUIDs only implemented for interfaces!
 -> (artifact id: 'e24ce54891700fc359febcf36011e719') in 0.013883 seconds 
========================================================================
Received Import Request.
  Time since last request: 0.000024 seconds.
  path: Assets/Examples/Example Assets/3D Models/Ultraleap_Cube_Interactable.fbx
  artifactKey: Guid(ffbd7d9cd70540c43b3a3236199124f0) Importer(2089858483,0ecaa5967403d082aa24f35e1b516d23)
Start importing Assets/Examples/Example Assets/3D Models/Ultraleap_Cube_Interactable.fbx using Guid(ffbd7d9cd70540c43b3a3236199124f0) Importer(2089858483,0ecaa5967403d082aa24f35e1b516d23) Generated GUIDs only implemented for interfaces!
 -> (artifact id: 'ea0913a34822f92b1d50403af73a5056') in 0.068701 seconds 
========================================================================
Received Import Request.
  Time since last request: 0.000026 seconds.
  path: Assets/Examples/Example Assets/Materials/IE Example Black Matte.mat
  artifactKey: Guid(95c889baf756fd84ba2f1ab36adf3687) Importer(2089858483,0ecaa5967403d082aa24f35e1b516d23)
Start importing Assets/Examples/Example Assets/Materials/IE Example Black Matte.mat using Guid(95c889baf756fd84ba2f1ab36adf3687) Importer(2089858483,0ecaa5967403d082aa24f35e1b516d23) Generated GUIDs only implemented for interfaces!
 -> (artifact id: '37790c388b6cc5e9d3aafc2b3185d945') in 0.013257 seconds 
========================================================================
Received Import Request.
  Time since last request: 0.000023 seconds.
  path: Assets/Bounce.physicMaterial
  artifactKey: Guid(4a09f03ab18583245890c9a10a555c82) Importer(2089858483,0ecaa5967403d082aa24f35e1b516d23)
Start importing Assets/Bounce.physicMaterial using Guid(4a09f03ab18583245890c9a10a555c82) Importer(2089858483,0ecaa5967403d082aa24f35e1b516d23) Generated GUIDs only implemented for interfaces!
 -> (artifact id: '48f9c6d3f08522c8ddf5452edb5be899') in 0.020300 seconds 
========================================================================
Received Import Request.
  Time since last request: 0.000023 seconds.
  path: Assets/Examples/Example Assets/Materials/Flat.mat
  artifactKey: Guid(b8cc224159b06514f97cec1f92e6f071) Importer(2089858483,0ecaa5967403d082aa24f35e1b516d23)
Start importing Assets/Examples/Example Assets/Materials/Flat.mat using Guid(b8cc224159b06514f97cec1f92e6f071) Importer(2089858483,0ecaa5967403d082aa24f35e1b516d23) Generated GUIDs only implemented for interfaces!
 -> (artifact id: '799c934e76771a8d39a468628fc557ef') in 0.014874 seconds 
========================================================================
Received Import Request.
  Time since last request: 0.000022 seconds.
  path: Assets/Examples/Example Assets/Font/Now-Medium SDF.asset
  artifactKey: Guid(342802517badcf44c811584e5b42a888) Importer(2089858483,0ecaa5967403d082aa24f35e1b516d23)
Start importing Assets/Examples/Example Assets/Font/Now-Medium SDF.asset using Guid(342802517badcf44c811584e5b42a888) Importer(2089858483,0ecaa5967403d082aa24f35e1b516d23) Generated GUIDs only implemented for interfaces!
 -> (artifact id: '65c760638e4b53eed2951ed5e5a421c0') in 0.220287 seconds 
========================================================================
Received Import Request.
  Time since last request: 0.000026 seconds.
  path: Assets/Examples/Example Assets/Materials/IE Example Button Top Blue.mat
  artifactKey: Guid(cc811fdfe128d1645a49b0bed5b1cf28) Importer(2089858483,0ecaa5967403d082aa24f35e1b516d23)
Start importing Assets/Examples/Example Assets/Materials/IE Example Button Top Blue.mat using Guid(cc811fdfe128d1645a49b0bed5b1cf28) Importer(2089858483,0ecaa5967403d082aa24f35e1b516d23) Generated GUIDs only implemented for interfaces!
 -> (artifact id: 'cf368cf9f737b48baeaed3f59c8406d4') in 0.014073 seconds 
========================================================================
Received Import Request.
  Time since last request: 1.050529 seconds.
  path: Assets/Examples/Example Assets/Materials/IE Example Button Top Red.mat
  artifactKey: Guid(dc45d6090197f2d439bcbcc7422683b5) Importer(2089858483,0ecaa5967403d082aa24f35e1b516d23)
Start importing Assets/Examples/Example Assets/Materials/IE Example Button Top Red.mat using Guid(dc45d6090197f2d439bcbcc7422683b5) Importer(2089858483,0ecaa5967403d082aa24f35e1b516d23) Generated GUIDs only implemented for interfaces!
 -> (artifact id: 'd39ec3ab98a2fa0a88d7c02c68449945') in 0.020565 seconds 
========================================================================
Received Import Request.
  Time since last request: 0.000024 seconds.
  path: Assets/Examples/Example Assets/Scripts/ExampleSceneGUISKIN.guiskin
  artifactKey: Guid(55acdabb497cedb4aa8afc67c8d7fae2) Importer(2089858483,0ecaa5967403d082aa24f35e1b516d23)
Start importing Assets/Examples/Example Assets/Scripts/ExampleSceneGUISKIN.guiskin using Guid(55acdabb497cedb4aa8afc67c8d7fae2) Importer(2089858483,0ecaa5967403d082aa24f35e1b516d23) Generated GUIDs only implemented for interfaces!
 -> (artifact id: '86e45d1364eeb9a3c6ce54f4bff3c470') in 0.130132 seconds 
========================================================================
Received Import Request.
  Time since last request: 0.000023 seconds.
  path: Assets/Examples/Example Assets/Materials/No Name.mat
  artifactKey: Guid(0e06bc9005c025b4aa939d31f6e78e20) Importer(2089858483,0ecaa5967403d082aa24f35e1b516d23)
Start importing Assets/Examples/Example Assets/Materials/No Name.mat using Guid(0e06bc9005c025b4aa939d31f6e78e20) Importer(2089858483,0ecaa5967403d082aa24f35e1b516d23) Generated GUIDs only implemented for interfaces!
 -> (artifact id: '6b7080f780fbed23dd19003c800aa84f') in 0.011413 seconds 
========================================================================
Received Import Request.
  Time since last request: 0.000023 seconds.
  path: Assets/Examples/Example Assets/Scripts/SimpleInteractionGlow.cs
  artifactKey: Guid(4b02e2f8ae628ac4f9faca951fe12db4) Importer(2089858483,0ecaa5967403d082aa24f35e1b516d23)
Start importing Assets/Examples/Example Assets/Scripts/SimpleInteractionGlow.cs using Guid(4b02e2f8ae628ac4f9faca951fe12db4) Importer(2089858483,0ecaa5967403d082aa24f35e1b516d23) Generated GUIDs only implemented for interfaces!
 -> (artifact id: '4d9e5de38aea77bc6832afbd40df113b') in 0.014924 seconds 
========================================================================
Received Import Request.
  Time since last request: 0.000031 seconds.
  path: Assets/Examples/Example Assets/Scripts/ScaleOnEnable.cs
  artifactKey: Guid(1807756c4fa5b734da0662b561f4e289) Importer(2089858483,0ecaa5967403d082aa24f35e1b516d23)
Start importing Assets/Examples/Example Assets/Scripts/ScaleOnEnable.cs using Guid(1807756c4fa5b734da0662b561f4e289) Importer(2089858483,0ecaa5967403d082aa24f35e1b516d23) Generated GUIDs only implemented for interfaces!
 -> (artifact id: '35ba48ebc38792b451e14cf512434ce5') in 0.011037 seconds 
========================================================================
Received Import Request.
  Time since last request: 0.000025 seconds.
  path: Assets/Examples/Example Assets/Prefabs/InteractionSphere.prefab
  artifactKey: Guid(5a1fb53528997fe478560ab3120da9cb) Importer(2089858483,0ecaa5967403d082aa24f35e1b516d23)
Start importing Assets/Examples/Example Assets/Prefabs/InteractionSphere.prefab using Guid(5a1fb53528997fe478560ab3120da9cb) Importer(2089858483,0ecaa5967403d082aa24f35e1b516d23) Generated GUIDs only implemented for interfaces!
 -> (artifact id: '0b918f215413fb4cd319094e395059e2') in 0.043542 seconds 
========================================================================
Received Import Request.
  Time since last request: 0.000023 seconds.
  path: Assets/Examples/Example Assets/PhysicMaterials/Slippery.physicMaterial
  artifactKey: Guid(21499581201963b4fba59af488b4b08c) Importer(2089858483,0ecaa5967403d082aa24f35e1b516d23)
Start importing Assets/Examples/Example Assets/PhysicMaterials/Slippery.physicMaterial using Guid(21499581201963b4fba59af488b4b08c) Importer(2089858483,0ecaa5967403d082aa24f35e1b516d23) Generated GUIDs only implemented for interfaces!
 -> (artifact id: '995a209f481fd421cfbd9323cb605782') in 0.012110 seconds 
========================================================================
Received Import Request.
  Time since last request: 0.000021 seconds.
  path: Assets/Examples/Example Assets/Scripts/TransformTranslationHandle.cs
  artifactKey: Guid(beced83bfcb78914bb2ea23362ee2508) Importer(2089858483,0ecaa5967403d082aa24f35e1b516d23)
Start importing Assets/Examples/Example Assets/Scripts/TransformTranslationHandle.cs using Guid(beced83bfcb78914bb2ea23362ee2508) Importer(2089858483,0ecaa5967403d082aa24f35e1b516d23) Generated GUIDs only implemented for interfaces!
 -> (artifact id: '435df5fde814716b67ff6714ab5b5c52') in 0.011932 seconds 
========================================================================
Received Import Request.
  Time since last request: 0.000019 seconds.
  path: Assets/TextMesh Pro/Resources/Fonts & Materials/LiberationSans SDF.asset
  artifactKey: Guid(8f586378b4e144a9851e7b34d9b748ee) Importer(2089858483,0ecaa5967403d082aa24f35e1b516d23)
Start importing Assets/TextMesh Pro/Resources/Fonts & Materials/LiberationSans SDF.asset using Guid(8f586378b4e144a9851e7b34d9b748ee) Importer(2089858483,0ecaa5967403d082aa24f35e1b516d23) Generated GUIDs only implemented for interfaces!
 -> (artifact id: '306032a60ef4303af677d775aaac5189') in 0.048843 seconds 
========================================================================
Received Import Request.
  Time since last request: 0.000021 seconds.
  path: Assets/Examples/Example Assets/Prefabs/Attachment Hands Example Transform Prefab.prefab
  artifactKey: Guid(1477d75bc13cce74ea026927aa88dd9f) Importer(2089858483,0ecaa5967403d082aa24f35e1b516d23)
Start importing Assets/Examples/Example Assets/Prefabs/Attachment Hands Example Transform Prefab.prefab using Guid(1477d75bc13cce74ea026927aa88dd9f) Importer(2089858483,0ecaa5967403d082aa24f35e1b516d23) Generated GUIDs only implemented for interfaces!
 -> (artifact id: 'ad19ea0fb90d64d359ea75c9d0554d14') in 0.016575 seconds 
========================================================================
Received Import Request.
  Time since last request: 0.000024 seconds.
  path: Assets/Examples/Example Assets/Scripts/SimpleScaleUtil.cs
  artifactKey: Guid(6046ffa97086f4940ac974b3105c59de) Importer(2089858483,0ecaa5967403d082aa24f35e1b516d23)
Start importing Assets/Examples/Example Assets/Scripts/SimpleScaleUtil.cs using Guid(6046ffa97086f4940ac974b3105c59de) Importer(2089858483,0ecaa5967403d082aa24f35e1b516d23) Generated GUIDs only implemented for interfaces!
 -> (artifact id: 'f42d219b4a2ef4209b9c22f40178833c') in 0.012149 seconds 
========================================================================
Received Import Request.
  Time since last request: 0.000019 seconds.
  path: Assets/Examples/Example Assets/Materials/Lamb_LoPolyHand.mat
  artifactKey: Guid(c5b9e8be6efc5c74aad1024a1e60cc0b) Importer(2089858483,0ecaa5967403d082aa24f35e1b516d23)
Start importing Assets/Examples/Example Assets/Materials/Lamb_LoPolyHand.mat using Guid(c5b9e8be6efc5c74aad1024a1e60cc0b) Importer(2089858483,0ecaa5967403d082aa24f35e1b516d23) Generated GUIDs only implemented for interfaces!
 -> (artifact id: '7764ea9d5a5776dbc0eedf89b3047eab') in 0.023190 seconds 
========================================================================
Received Import Request.
  Time since last request: 0.000027 seconds.
  path: Assets/Examples/Example Assets/Prefabs/InteractionCapsule.prefab
  artifactKey: Guid(88a926f39f5ae5c40976d0ff02c7fd2f) Importer(2089858483,0ecaa5967403d082aa24f35e1b516d23)
Start importing Assets/Examples/Example Assets/Prefabs/InteractionCapsule.prefab using Guid(88a926f39f5ae5c40976d0ff02c7fd2f) Importer(2089858483,0ecaa5967403d082aa24f35e1b516d23) Generated GUIDs only implemented for interfaces!
 -> (artifact id: '72f15da5db3f971c0e9d5992e7ac8bc4') in 0.022191 seconds 
========================================================================
Received Import Request.
  Time since last request: 0.000034 seconds.
  path: Assets/Examples/Example Assets/Scripts/SpawnObjectAtPosition.cs
  artifactKey: Guid(39991b405ae405b4983735cf04dbf677) Importer(2089858483,0ecaa5967403d082aa24f35e1b516d23)
Start importing Assets/Examples/Example Assets/Scripts/SpawnObjectAtPosition.cs using Guid(39991b405ae405b4983735cf04dbf677) Importer(2089858483,0ecaa5967403d082aa24f35e1b516d23) Generated GUIDs only implemented for interfaces!
 -> (artifact id: 'e38f71845299cc8914db3117fdf74a81') in 0.010260 seconds 
========================================================================
Received Import Request.
  Time since last request: 0.040430 seconds.
  path: Assets/Examples/1. XR Examples/2. Building Blocks/4. 3D Interaction/3. Anchor to Objects.unity
  artifactKey: Guid(7b4a5eb0c5d8ca242976d22c7980ab19) Importer(2089858483,0ecaa5967403d082aa24f35e1b516d23)
Start importing Assets/Examples/1. XR Examples/2. Building Blocks/4. 3D Interaction/3. Anchor to Objects.unity using Guid(7b4a5eb0c5d8ca242976d22c7980ab19) Importer(2089858483,0ecaa5967403d082aa24f35e1b516d23) Generated GUIDs only implemented for interfaces!
 -> (artifact id: '03c857d5824d8980a2d9a68417ada03a') in 0.009149 seconds 
========================================================================
Received Import Request.
  Time since last request: 0.000026 seconds.
  path: Assets/Samples/Magic Leap XR Plugin/6.4.1/Example XR Input Pose Providers - Requires Legacy Input Helpers 2.1.2/Unity.MagicLeap.Samples.InputProviders.asmdef
  artifactKey: Guid(0a57c87236247e94c8c4f3761286ebee) Importer(2089858483,0ecaa5967403d082aa24f35e1b516d23)
Start importing Assets/Samples/Magic Leap XR Plugin/6.4.1/Example XR Input Pose Providers - Requires Legacy Input Helpers 2.1.2/Unity.MagicLeap.Samples.InputProviders.asmdef using Guid(0a57c87236247e94c8c4f3761286ebee) Importer(2089858483,0ecaa5967403d082aa24f35e1b516d23) Generated GUIDs only implemented for interfaces!
 -> (artifact id: '76be86fd435c0de1139ddba26dcc0000') in 0.018155 seconds 
========================================================================
Received Import Request.
  Time since last request: 0.000026 seconds.
  path: Assets/Examples/Example Assets/Scripts/PullCord/PullCordVisuals.cs
  artifactKey: Guid(87672f3c3ed32d440ae12806d4037776) Importer(2089858483,0ecaa5967403d082aa24f35e1b516d23)
Start importing Assets/Examples/Example Assets/Scripts/PullCord/PullCordVisuals.cs using Guid(87672f3c3ed32d440ae12806d4037776) Importer(2089858483,0ecaa5967403d082aa24f35e1b516d23) Generated GUIDs only implemented for interfaces!
 -> (artifact id: 'fe496144e4e6af17fc59783f66e70ff8') in 0.012806 seconds 
========================================================================
Received Import Request.
  Time since last request: 0.000027 seconds.
  path: Assets/Examples/Example Assets/Hands (URP)/Prefabs/Ghost Hands (URP) Variant.prefab
  artifactKey: Guid(8c79c4473c027f44e92a3f42d0e9de89) Importer(2089858483,0ecaa5967403d082aa24f35e1b516d23)
Start importing Assets/Examples/Example Assets/Hands (URP)/Prefabs/Ghost Hands (URP) Variant.prefab using Guid(8c79c4473c027f44e92a3f42d0e9de89) Importer(2089858483,0ecaa5967403d082aa24f35e1b516d23) Generated GUIDs only implemented for interfaces!
 -> (artifact id: '897eef467069b5968a49564bea329dda') in 0.031294 seconds 
========================================================================
Received Import Request.
  Time since last request: 0.000025 seconds.
  path: Assets/Examples/Example Assets/Scripts/Paint/PaintCursor.cs
  artifactKey: Guid(abb4f29b515086a42b6b9f0074768b9f) Importer(2089858483,0ecaa5967403d082aa24f35e1b516d23)
Start importing Assets/Examples/Example Assets/Scripts/Paint/PaintCursor.cs using Guid(abb4f29b515086a42b6b9f0074768b9f) Importer(2089858483,0ecaa5967403d082aa24f35e1b516d23) Generated GUIDs only implemented for interfaces!
 -> (artifact id: 'aeae0055fa9e9eb9023f38f04095037e') in 0.013158 seconds 
========================================================================
Received Import Request.
  Time since last request: 0.000025 seconds.
  path: Assets/Examples/Example Assets/Scripts/Turntable/TurntableVisuals.cs
  artifactKey: Guid(d1daf71e2f3c5e74c9cee8d6cc8e3005) Importer(2089858483,0ecaa5967403d082aa24f35e1b516d23)
Start importing Assets/Examples/Example Assets/Scripts/Turntable/TurntableVisuals.cs using Guid(d1daf71e2f3c5e74c9cee8d6cc8e3005) Importer(2089858483,0ecaa5967403d082aa24f35e1b516d23) Generated GUIDs only implemented for interfaces!
 -> (artifact id: '478e877a7686cc6ad6d4d8d55c38533d') in 0.012159 seconds 
========================================================================
Received Import Request.
  Time since last request: 0.000024 seconds.
  path: Assets/Examples/Example Assets/Hands (URP)/Materials/URP_InstancedCapsuleHand.mat
  artifactKey: Guid(caf6e6d363bd302478106fa03aa54bac) Importer(2089858483,0ecaa5967403d082aa24f35e1b516d23)
Start importing Assets/Examples/Example Assets/Hands (URP)/Materials/URP_InstancedCapsuleHand.mat using Guid(caf6e6d363bd302478106fa03aa54bac) Importer(2089858483,0ecaa5967403d082aa24f35e1b516d23) Generated GUIDs only implemented for interfaces!
 -> (artifact id: 'd65478c7a32f9bc15bf981e8a1e1fadd') in 0.016313 seconds 
========================================================================
Received Import Request.
  Time since last request: 0.000027 seconds.
  path: Assets/Examples/Example Assets/Hands (URP)/Prefabs/Skeleton Hands (URP) Variant.prefab
  artifactKey: Guid(f1a2c7a6fb148664eabf5aad36e0aafc) Importer(2089858483,0ecaa5967403d082aa24f35e1b516d23)
Start importing Assets/Examples/Example Assets/Hands (URP)/Prefabs/Skeleton Hands (URP) Variant.prefab using Guid(f1a2c7a6fb148664eabf5aad36e0aafc) Importer(2089858483,0ecaa5967403d082aa24f35e1b516d23) Generated GUIDs only implemented for interfaces!
 -> (artifact id: '02c86194ba5df7bc5812eaaca3e965b9') in 0.032189 seconds 
========================================================================
Received Prepare
Refreshing native plugins compatible for Editor in 6.56 ms, found 6 plugins.
Preloading 0 native plugins for Editor in 0.00 ms.
Unloading 22 Unused Serialized files (Serialized files now loaded: 0)
Unloading 23 unused Assets / (48.3 KB). Loaded Objects now: 4102.
Memory consumption went from 59.7 MB to 59.7 MB.
Total: 3.911600 ms (FindLiveObjects: 0.503700 ms CreateObjectMapping: 0.142900 ms MarkObjects: 3.146100 ms  DeleteObjects: 0.117700 ms)

AssetImportParameters requested are different than current active one (requested -> active):
  custom:video-decoder-ogg-theora: a1e56fd34408186e4bbccfd4996cb3dc -> 
  custom:container-muxer-webm: aa71ff27fc2769a1b78a27578f13a17b -> 
  custom:container-demuxer-webm: 4f35f7cbe854078d1ac9338744f61a02 -> 
  custom:video-encoder-webm-vp8: eb34c28f22e8b96e1ab97ce403110664 -> 
  custom:audio-encoder-webm-vorbis: bf7c407c2cedff20999df2af8eb42d56 -> 
  custom:framework-win-MediaFoundation: 216162199b28c13a410421893ffa2e32 -> 
  custom:SearchIndexIgnoredProperties: e643bd26f0fe6173181afceb89e7c659 -> 
  custom:container-demuxer-ogg: 62fdf1f143b41e24485cea50d1cbac27 -> 
  custom:video-decoder-webm-vp8: 9c59270c3fd7afecdb556c50c9e8de78 -> 
  custom:audio-decoder-ogg-vorbis: bf7c407c2cedff20999df2af8eb42d56 -> 
