Using pre-set license
Built from '2021.3/staging' branch; Version is '2021.3.26f1 (a16dc32e0ff2) revision 10579395'; Using compiler version '192829333'; Build Type 'Release'
OS: 'Windows 10  (10.0.19045) 64bit Core' Language: 'en' Physical Memory: 32474 MB
BatchMode: 1, IsHumanControllingUs: 0, StartBugReporterOnCrash: 0, Is64bit: 1, IsPro: 1

COMMAND LINE ARGUMENTS:
C:\Program Files\Unity\Hub\Editor\2021.3.26f1\Editor\Unity.exe
-adb2
-batchMode
-noUpm
-name
AssetImportWorker3
-projectPath
C:/Users/HOME/LeapMotion
-logFile
Logs/AssetImportWorker3.log
-srvPort
46526
Successfully changed project path to: C:/Users/HOME/LeapMotion
C:/Users/HOME/LeapMotion
[UnityMemory] Configuration Parameters - Can be set up in boot.config
    "memorysetup-bucket-allocator-granularity=16"
    "memorysetup-bucket-allocator-bucket-count=8"
    "memorysetup-bucket-allocator-block-size=33554432"
    "memorysetup-bucket-allocator-block-count=8"
    "memorysetup-main-allocator-block-size=16777216"
    "memorysetup-thread-allocator-block-size=16777216"
    "memorysetup-gfx-main-allocator-block-size=16777216"
    "memorysetup-gfx-thread-allocator-block-size=16777216"
    "memorysetup-cache-allocator-block-size=4194304"
    "memorysetup-typetree-allocator-block-size=2097152"
    "memorysetup-profiler-bucket-allocator-granularity=16"
    "memorysetup-profiler-bucket-allocator-bucket-count=8"
    "memorysetup-profiler-bucket-allocator-block-size=33554432"
    "memorysetup-profiler-bucket-allocator-block-count=8"
    "memorysetup-profiler-allocator-block-size=16777216"
    "memorysetup-profiler-editor-allocator-block-size=1048576"
    "memorysetup-temp-allocator-size-main=16777216"
    "memorysetup-job-temp-allocator-block-size=2097152"
    "memorysetup-job-temp-allocator-block-size-background=1048576"
    "memorysetup-job-temp-allocator-reduction-small-platforms=262144"
    "memorysetup-temp-allocator-size-background-worker=32768"
    "memorysetup-temp-allocator-size-job-worker=262144"
    "memorysetup-temp-allocator-size-preload-manager=33554432"
    "memorysetup-temp-allocator-size-nav-mesh-worker=65536"
    "memorysetup-temp-allocator-size-audio-worker=65536"
    "memorysetup-temp-allocator-size-cloud-worker=32768"
    "memorysetup-temp-allocator-size-gi-baking-worker=262144"
    "memorysetup-temp-allocator-size-gfx=262144"
Player connection [37228] Host "[IP] 192.168.128.98 [Port] 0 [Flags] 2 [Guid] 2020870170 [EditorId] 2020870170 [Version] 1048832 [Id] WindowsEditor(7,DESKTOP-6QOHEUB) [Debug] 1 [PackageName] WindowsEditor [ProjectName] Editor" joined multi-casting on [225.0.0.222:54997]...

Player connection [37228] Host "[IP] 192.168.128.98 [Port] 0 [Flags] 2 [Guid] 2020870170 [EditorId] 2020870170 [Version] 1048832 [Id] WindowsEditor(7,DESKTOP-6QOHEUB) [Debug] 1 [PackageName] WindowsEditor [ProjectName] Editor" joined alternative multi-casting on [225.0.0.222:34997]...

Refreshing native plugins compatible for Editor in 81.22 ms, found 6 plugins.
Preloading 0 native plugins for Editor in 0.00 ms.
Initialize engine version: 2021.3.26f1 (a16dc32e0ff2)
[Subsystems] Discovering subsystems at path C:/Program Files/Unity/Hub/Editor/2021.3.26f1/Editor/Data/Resources/UnitySubsystems
[Subsystems] Discovering subsystems at path C:/Users/HOME/LeapMotion/Assets
GfxDevice: creating device client; threaded=0; jobified=0
Direct3D:
    Version:  Direct3D 11.0 [level 11.1]
    Renderer: NVIDIA GeForce RTX 3080 Ti (ID=0x2208)
    Vendor:   NVIDIA
    VRAM:     12100 MB
    Driver:   31.0.15.3699
Initialize mono
Mono path[0] = 'C:/Program Files/Unity/Hub/Editor/2021.3.26f1/Editor/Data/Managed'
Mono path[1] = 'C:/Program Files/Unity/Hub/Editor/2021.3.26f1/Editor/Data/MonoBleedingEdge/lib/mono/unityjit-win32'
Mono config path = 'C:/Program Files/Unity/Hub/Editor/2021.3.26f1/Editor/Data/MonoBleedingEdge/etc'
Using monoOptions --debugger-agent=transport=dt_socket,embedding=1,server=y,suspend=n,address=127.0.0.1:56216
Begin MonoManager ReloadAssembly
Registering precompiled unity dll's ...
Register platform support module: C:/Program Files/Unity/Hub/Editor/2021.3.26f1/Editor/Data/PlaybackEngines/WebGLSupport/UnityEditor.WebGL.Extensions.dll
Register platform support module: C:/Program Files/Unity/Hub/Editor/2021.3.26f1/Editor/Data/PlaybackEngines/AndroidPlayer/UnityEditor.Android.Extensions.dll
Register platform support module: C:/Program Files/Unity/Hub/Editor/2021.3.26f1/Editor/Data/PlaybackEngines/iOSSupport/UnityEditor.iOS.Extensions.dll
Register platform support module: C:/Program Files/Unity/Hub/Editor/2021.3.26f1/Editor/Data/PlaybackEngines/WindowsStandaloneSupport/UnityEditor.WindowsStandalone.Extensions.dll
Registered in 0.013170 seconds.
Native extension for WindowsStandalone target not found
[usbmuxd] Start listen thread
[usbmuxd] Listen thread started
Native extension for iOS target not found
Native extension for Android target not found
Android Extension - Scanning For ADB Devices 335 ms
Native extension for WebGL target not found
Refreshing native plugins compatible for Editor in 82.71 ms, found 6 plugins.
Preloading 0 native plugins for Editor in 0.00 ms.
Mono: successfully reloaded assembly
- Completed reload, in  1.168 seconds
Domain Reload Profiling:
	ReloadAssembly (1169ms)
		BeginReloadAssembly (102ms)
			ExecutionOrderSort (0ms)
			DisableScriptedObjects (0ms)
			BackupInstance (0ms)
			ReleaseScriptingObjects (0ms)
			CreateAndSetChildDomain (1ms)
		EndReloadAssembly (940ms)
			LoadAssemblies (99ms)
			RebuildTransferFunctionScriptingTraits (0ms)
			SetupTypeCache (126ms)
			ReleaseScriptCaches (0ms)
			RebuildScriptCaches (35ms)
			SetupLoadedEditorAssemblies (717ms)
				LogAssemblyErrors (0ms)
				InitializePlatformSupportModulesInManaged (462ms)
				SetLoadedEditorAssemblies (0ms)
				RefreshPlugins (83ms)
				BeforeProcessingInitializeOnLoad (2ms)
				ProcessInitializeOnLoadAttributes (115ms)
				ProcessInitializeOnLoadMethodAttributes (55ms)
				AfterProcessingInitializeOnLoad (0ms)
				EditorAssembliesLoaded (0ms)
			ExecutionOrderSort2 (0ms)
			AwakeInstancesAfterBackupRestoration (0ms)
Platform modules already initialized, skipping
Registering precompiled user dll's ...
Registered in 0.007265 seconds.
Begin MonoManager ReloadAssembly
Symbol file LoadedFromMemory doesn't match image C:\Users\HOME\LeapMotion\Library\PackageCache\com.unity.visualscripting@1.8.0\Editor\VisualScripting.Core\Dependencies\YamlDotNet\Unity.VisualScripting.YamlDotNet.dll
Symbol file LoadedFromMemory doesn't match image C:\Users\HOME\LeapMotion\Library\PackageCache\com.unity.visualscripting@1.8.0\Editor\VisualScripting.Core\Dependencies\DotNetZip\Unity.VisualScripting.IonicZip.dll
Native extension for WindowsStandalone target not found
Native extension for iOS target not found
Native extension for Android target not found
Native extension for WebGL target not found
Refreshing native plugins compatible for Editor in 0.67 ms, found 6 plugins.
Preloading 0 native plugins for Editor in 0.00 ms.
Package Manager log level set to [2]
Mono: successfully reloaded assembly
- Completed reload, in  1.323 seconds
Domain Reload Profiling:
	ReloadAssembly (1324ms)
		BeginReloadAssembly (154ms)
			ExecutionOrderSort (0ms)
			DisableScriptedObjects (7ms)
			BackupInstance (0ms)
			ReleaseScriptingObjects (0ms)
			CreateAndSetChildDomain (24ms)
		EndReloadAssembly (1030ms)
			LoadAssemblies (133ms)
			RebuildTransferFunctionScriptingTraits (0ms)
			SetupTypeCache (308ms)
			ReleaseScriptCaches (1ms)
			RebuildScriptCaches (71ms)
			SetupLoadedEditorAssemblies (463ms)
				LogAssemblyErrors (0ms)
				InitializePlatformSupportModulesInManaged (44ms)
				SetLoadedEditorAssemblies (0ms)
				RefreshPlugins (1ms)
				BeforeProcessingInitializeOnLoad (110ms)
				ProcessInitializeOnLoadAttributes (270ms)
				ProcessInitializeOnLoadMethodAttributes (25ms)
				AfterProcessingInitializeOnLoad (13ms)
				EditorAssembliesLoaded (0ms)
			ExecutionOrderSort2 (0ms)
			AwakeInstancesAfterBackupRestoration (9ms)
Platform modules already initialized, skipping
========================================================================
Worker process is ready to serve import requests
Launched and connected shader compiler UnityShaderCompiler.exe after 0.08 seconds
Refreshing native plugins compatible for Editor in 0.80 ms, found 6 plugins.
Preloading 0 native plugins for Editor in 0.00 ms.
Unloading 3635 Unused Serialized files (Serialized files now loaded: 0)
Unloading 30 unused Assets / (312.2 KB). Loaded Objects now: 4098.
Memory consumption went from 133.9 MB to 133.6 MB.
Total: 3.648800 ms (FindLiveObjects: 0.490800 ms CreateObjectMapping: 0.139700 ms MarkObjects: 2.860000 ms  DeleteObjects: 0.156800 ms)

AssetImportParameters requested are different than current active one (requested -> active):
  custom:video-decoder-ogg-theora: a1e56fd34408186e4bbccfd4996cb3dc -> 
  custom:container-muxer-webm: aa71ff27fc2769a1b78a27578f13a17b -> 
  custom:container-demuxer-webm: 4f35f7cbe854078d1ac9338744f61a02 -> 
  custom:video-encoder-webm-vp8: eb34c28f22e8b96e1ab97ce403110664 -> 
  custom:audio-encoder-webm-vorbis: bf7c407c2cedff20999df2af8eb42d56 -> 
  custom:framework-win-MediaFoundation: 216162199b28c13a410421893ffa2e32 -> 
  custom:container-demuxer-ogg: 62fdf1f143b41e24485cea50d1cbac27 -> 
  custom:video-decoder-webm-vp8: 9c59270c3fd7afecdb556c50c9e8de78 -> 
  custom:audio-decoder-ogg-vorbis: bf7c407c2cedff20999df2af8eb42d56 -> 
========================================================================
Received Import Request.
  Time since last request: 487193.686292 seconds.
  path: Assets/Examples/Example Assets/3D Models/Rotator.fbx
  artifactKey: Guid(ee25147e4552e6643a9b8a5f4e6950f1) Importer(2089858483,0ecaa5967403d082aa24f35e1b516d23)
Start importing Assets/Examples/Example Assets/3D Models/Rotator.fbx using Guid(ee25147e4552e6643a9b8a5f4e6950f1) Importer(2089858483,0ecaa5967403d082aa24f35e1b516d23) Generated GUIDs only implemented for interfaces!
 -> (artifact id: 'df601236750e62bfae45a17aef45e1de') in 0.230444 seconds 
========================================================================
Received Import Request.
  Time since last request: 0.000036 seconds.
  path: Assets/TextMesh Pro/Shaders/TMP_Bitmap-Custom-Atlas.shader
  artifactKey: Guid(48bb5f55d8670e349b6e614913f9d910) Importer(2089858483,0ecaa5967403d082aa24f35e1b516d23)
Start importing Assets/TextMesh Pro/Shaders/TMP_Bitmap-Custom-Atlas.shader using Guid(48bb5f55d8670e349b6e614913f9d910) Importer(2089858483,0ecaa5967403d082aa24f35e1b516d23) Generated GUIDs only implemented for interfaces!
 -> (artifact id: '03582427e393e1696d5a33c005930677') in 0.029181 seconds 
========================================================================
Received Import Request.
  Time since last request: 0.000035 seconds.
  path: Assets/Examples/Non-XR Examples/3. Rigged Hands (Desktop) (Standard).unity
  artifactKey: Guid(ead817034bbd1f04daea2e836f3a7ed6) Importer(2089858483,0ecaa5967403d082aa24f35e1b516d23)
Start importing Assets/Examples/Non-XR Examples/3. Rigged Hands (Desktop) (Standard).unity using Guid(ead817034bbd1f04daea2e836f3a7ed6) Importer(2089858483,0ecaa5967403d082aa24f35e1b516d23) Generated GUIDs only implemented for interfaces!
 -> (artifact id: '9a0d15af17f9e89f25a751c7c67456dd') in 0.014434 seconds 
========================================================================
Received Import Request.
  Time since last request: 0.000022 seconds.
  path: Assets/Anchor to Objects Test 2.unity
  artifactKey: Guid(e2c48807a89c07544aa0ad915412da62) Importer(2089858483,0ecaa5967403d082aa24f35e1b516d23)
Start importing Assets/Anchor to Objects Test 2.unity using Guid(e2c48807a89c07544aa0ad915412da62) Importer(2089858483,0ecaa5967403d082aa24f35e1b516d23) Generated GUIDs only implemented for interfaces!
 -> (artifact id: '5dd79d9316f856abd47b291fc2c91450') in 0.009211 seconds 
========================================================================
Received Import Request.
  Time since last request: 0.000022 seconds.
  path: Assets/Examples/Example Assets/Font/Now-Bold.otf
  artifactKey: Guid(9f087c39a7bcfac4ab14615d5dad2ef5) Importer(2089858483,0ecaa5967403d082aa24f35e1b516d23)
Start importing Assets/Examples/Example Assets/Font/Now-Bold.otf using Guid(9f087c39a7bcfac4ab14615d5dad2ef5) Importer(2089858483,0ecaa5967403d082aa24f35e1b516d23) Generated GUIDs only implemented for interfaces!
 -> (artifact id: '501aa2445099241402f513ca9d56ded8') in 0.040248 seconds 
========================================================================
Received Import Request.
  Time since last request: 0.000022 seconds.
  path: Assets/Examples/Non-XR Examples/4. Rigged Hands (Desktop) (URP).unity
  artifactKey: Guid(0d051f629556cb548a5ea2609bee1662) Importer(2089858483,0ecaa5967403d082aa24f35e1b516d23)
Start importing Assets/Examples/Non-XR Examples/4. Rigged Hands (Desktop) (URP).unity using Guid(0d051f629556cb548a5ea2609bee1662) Importer(2089858483,0ecaa5967403d082aa24f35e1b516d23) Generated GUIDs only implemented for interfaces!
 -> (artifact id: 'fc4d9e8e335e2d6e8fe60cfe0246dbe1') in 0.010202 seconds 
========================================================================
Received Import Request.
  Time since last request: 0.000022 seconds.
  path: Assets/Cube UI Button (1).prefab
  artifactKey: Guid(aafa7d030b4eb1b4e800dc85a623cb75) Importer(2089858483,0ecaa5967403d082aa24f35e1b516d23)
Start importing Assets/Cube UI Button (1).prefab using Guid(aafa7d030b4eb1b4e800dc85a623cb75) Importer(2089858483,0ecaa5967403d082aa24f35e1b516d23) Generated GUIDs only implemented for interfaces!
 -> (artifact id: '3689d65dda9a859f79c55f2ec82e7275') in 0.183383 seconds 
========================================================================
Received Import Request.
  Time since last request: 0.000027 seconds.
  path: Assets/Examples/Example Assets/3D Models/Ultraleap_Sphere_Interactable.fbx
  artifactKey: Guid(8b4be80925852bf4ca61efd370bbcaaa) Importer(2089858483,0ecaa5967403d082aa24f35e1b516d23)
Start importing Assets/Examples/Example Assets/3D Models/Ultraleap_Sphere_Interactable.fbx using Guid(8b4be80925852bf4ca61efd370bbcaaa) Importer(2089858483,0ecaa5967403d082aa24f35e1b516d23) Generated GUIDs only implemented for interfaces!
 -> (artifact id: '057308085b1a4fc8a9149ea827be4356') in 0.041068 seconds 
========================================================================
Received Import Request.
  Time since last request: 0.000042 seconds.
  path: Assets/Examples/Example Assets/Materials/Gradient Skybox.shader
  artifactKey: Guid(0a558f5ac7f88f04b8afb3b210252219) Importer(2089858483,0ecaa5967403d082aa24f35e1b516d23)
Start importing Assets/Examples/Example Assets/Materials/Gradient Skybox.shader using Guid(0a558f5ac7f88f04b8afb3b210252219) Importer(2089858483,0ecaa5967403d082aa24f35e1b516d23) Generated GUIDs only implemented for interfaces!
 -> (artifact id: '3bf92f06c0c1df1256ccff882b6ad512') in 0.014071 seconds 
========================================================================
Received Import Request.
  Time since last request: 0.000022 seconds.
  path: Assets/Test.unity
  artifactKey: Guid(bf5df7a7467177d46a3e48d3f71d83c3) Importer(2089858483,0ecaa5967403d082aa24f35e1b516d23)
Start importing Assets/Test.unity using Guid(bf5df7a7467177d46a3e48d3f71d83c3) Importer(2089858483,0ecaa5967403d082aa24f35e1b516d23) Generated GUIDs only implemented for interfaces!
 -> (artifact id: 'd8effca025a434b7a4c45885e8ec7680') in 0.010270 seconds 
========================================================================
Received Import Request.
  Time since last request: 0.000025 seconds.
  path: Assets/XR/Settings/MagicLeapSettings.asset
  artifactKey: Guid(565d0afbe48ba314a969e0389925952c) Importer(2089858483,0ecaa5967403d082aa24f35e1b516d23)
Start importing Assets/XR/Settings/MagicLeapSettings.asset using Guid(565d0afbe48ba314a969e0389925952c) Importer(2089858483,0ecaa5967403d082aa24f35e1b516d23) Generated GUIDs only implemented for interfaces!
 -> (artifact id: '76775f350979377a828b10e623cf232a') in 0.017098 seconds 
========================================================================
Received Import Request.
  Time since last request: 0.000019 seconds.
  path: Assets/Examples/Example Assets/Materials/Attachment Hands Example Blue.mat
  artifactKey: Guid(67b66d4eb50ed684d94eb00bc04709d2) Importer(2089858483,0ecaa5967403d082aa24f35e1b516d23)
Start importing Assets/Examples/Example Assets/Materials/Attachment Hands Example Blue.mat using Guid(67b66d4eb50ed684d94eb00bc04709d2) Importer(2089858483,0ecaa5967403d082aa24f35e1b516d23) Generated GUIDs only implemented for interfaces!
 -> (artifact id: '1d335b36ebb52b335f51a1a657151a9a') in 0.031696 seconds 
========================================================================
Received Import Request.
  Time since last request: 0.000023 seconds.
  path: Assets/TextMesh Pro/Shaders/TMP_SDF-Surface-Mobile.shader
  artifactKey: Guid(85187c2149c549c5b33f0cdb02836b17) Importer(2089858483,0ecaa5967403d082aa24f35e1b516d23)
Start importing Assets/TextMesh Pro/Shaders/TMP_SDF-Surface-Mobile.shader using Guid(85187c2149c549c5b33f0cdb02836b17) Importer(2089858483,0ecaa5967403d082aa24f35e1b516d23) Generated GUIDs only implemented for interfaces!
 -> (artifact id: 'bc1fb558c7634752869edc3c57b63927') in 0.017705 seconds 
========================================================================
Received Import Request.
  Time since last request: 0.000026 seconds.
  path: Assets/Examples/Example Assets/Materials/Ghost Hand-PoseDetector.mat
  artifactKey: Guid(0a1229e751385b44a94303d90741224b) Importer(2089858483,0ecaa5967403d082aa24f35e1b516d23)
Start importing Assets/Examples/Example Assets/Materials/Ghost Hand-PoseDetector.mat using Guid(0a1229e751385b44a94303d90741224b) Importer(2089858483,0ecaa5967403d082aa24f35e1b516d23) Generated GUIDs only implemented for interfaces!
 -> (artifact id: '165eb2c9603e9e5f5ad889292d6c4b95') in 0.034433 seconds 
========================================================================
Received Import Request.
  Time since last request: 1.023187 seconds.
  path: Assets/Examples/Example Assets/Materials/IE Example Light Gray Matte.mat
  artifactKey: Guid(ae962c51f2146e4439603b2865982593) Importer(2089858483,0ecaa5967403d082aa24f35e1b516d23)
Start importing Assets/Examples/Example Assets/Materials/IE Example Light Gray Matte.mat using Guid(ae962c51f2146e4439603b2865982593) Importer(2089858483,0ecaa5967403d082aa24f35e1b516d23) Generated GUIDs only implemented for interfaces!
 -> (artifact id: '35f49099c926e815d50d7a4332874bf5') in 0.022297 seconds 
========================================================================
Received Import Request.
  Time since last request: 0.000020 seconds.
  path: Assets/Examples/Example Assets/Scripts/MovePoseExample.cs
  artifactKey: Guid(a961cd180ac7427409ef06c4be7ee2c7) Importer(2089858483,0ecaa5967403d082aa24f35e1b516d23)
Start importing Assets/Examples/Example Assets/Scripts/MovePoseExample.cs using Guid(a961cd180ac7427409ef06c4be7ee2c7) Importer(2089858483,0ecaa5967403d082aa24f35e1b516d23) Generated GUIDs only implemented for interfaces!
 -> (artifact id: '558b20af52ca0745bf15b0258c320bb9') in 0.021804 seconds 
========================================================================
Received Import Request.
  Time since last request: 0.000027 seconds.
  path: Assets/Examples/Example Assets/Scripts/SwapGraspExample.cs
  artifactKey: Guid(603390c2fa71ebd4abe0b67385eb3709) Importer(2089858483,0ecaa5967403d082aa24f35e1b516d23)
Start importing Assets/Examples/Example Assets/Scripts/SwapGraspExample.cs using Guid(603390c2fa71ebd4abe0b67385eb3709) Importer(2089858483,0ecaa5967403d082aa24f35e1b516d23) Generated GUIDs only implemented for interfaces!
 -> (artifact id: 'a2c8b4445a48d3d14d63030216cd5384') in 0.010538 seconds 
========================================================================
Received Import Request.
  Time since last request: 0.000039 seconds.
  path: Assets/Examples/Example Assets/Scripts/PoseRecorderExampleManager.cs
  artifactKey: Guid(aee6b8109647a524a8de23f413a8c161) Importer(2089858483,0ecaa5967403d082aa24f35e1b516d23)
Start importing Assets/Examples/Example Assets/Scripts/PoseRecorderExampleManager.cs using Guid(aee6b8109647a524a8de23f413a8c161) Importer(2089858483,0ecaa5967403d082aa24f35e1b516d23) Generated GUIDs only implemented for interfaces!
 -> (artifact id: '90c6dc6fb98555f9c2d78cc0e7097487') in 0.010462 seconds 
========================================================================
Received Import Request.
  Time since last request: 0.000023 seconds.
  path: Assets/Examples/1. XR Examples/2. Building Blocks/3. Menus & UI/2. Hand Menu.unity
  artifactKey: Guid(ae73948aa62db4f419627fe2d6061a32) Importer(2089858483,0ecaa5967403d082aa24f35e1b516d23)
Start importing Assets/Examples/1. XR Examples/2. Building Blocks/3. Menus & UI/2. Hand Menu.unity using Guid(ae73948aa62db4f419627fe2d6061a32) Importer(2089858483,0ecaa5967403d082aa24f35e1b516d23) Generated GUIDs only implemented for interfaces!
 -> (artifact id: '130c18f80c1a7fd3769b01f43ebe8174') in 0.010121 seconds 
========================================================================
Received Import Request.
  Time since last request: 0.000024 seconds.
  path: Assets/Examples/1. XR Examples/2. Building Blocks/1. Basics/3. Manipulating Hand Data.unity
  artifactKey: Guid(5cb628934988a6d48bcea04bdb54c78e) Importer(2089858483,0ecaa5967403d082aa24f35e1b516d23)
Start importing Assets/Examples/1. XR Examples/2. Building Blocks/1. Basics/3. Manipulating Hand Data.unity using Guid(5cb628934988a6d48bcea04bdb54c78e) Importer(2089858483,0ecaa5967403d082aa24f35e1b516d23) Generated GUIDs only implemented for interfaces!
 -> (artifact id: 'cfce72b7c8649d4324feb676bcf47ee2') in 0.009172 seconds 
========================================================================
Received Import Request.
  Time since last request: 0.000023 seconds.
  path: Assets/Examples/Example Assets/Scripts/InertiaPostProcessProvider.cs
  artifactKey: Guid(fa7eed364e5769a4c8e4dccbc0ee1847) Importer(2089858483,0ecaa5967403d082aa24f35e1b516d23)
Start importing Assets/Examples/Example Assets/Scripts/InertiaPostProcessProvider.cs using Guid(fa7eed364e5769a4c8e4dccbc0ee1847) Importer(2089858483,0ecaa5967403d082aa24f35e1b516d23) Generated GUIDs only implemented for interfaces!
 -> (artifact id: '73bc351cd15d686214e6802106d7130f') in 0.012195 seconds 
========================================================================
Received Import Request.
  Time since last request: 0.000021 seconds.
  path: Assets/Examples/Example Assets/Materials/IE Example Prism Reflection Transparent.mat
  artifactKey: Guid(c12aa740729ba6647b92aafc5837f7f1) Importer(2089858483,0ecaa5967403d082aa24f35e1b516d23)
Start importing Assets/Examples/Example Assets/Materials/IE Example Prism Reflection Transparent.mat using Guid(c12aa740729ba6647b92aafc5837f7f1) Importer(2089858483,0ecaa5967403d082aa24f35e1b516d23) Generated GUIDs only implemented for interfaces!
 -> (artifact id: '492836f57eef3c27418fffd95ce642be') in 0.012923 seconds 
========================================================================
Received Import Request.
  Time since last request: 0.000022 seconds.
  path: Assets/Examples/Example Assets/Materials/IE Example Prism Magenta Inner.mat
  artifactKey: Guid(854b52ee442177745ac03e1917e527a6) Importer(2089858483,0ecaa5967403d082aa24f35e1b516d23)
Start importing Assets/Examples/Example Assets/Materials/IE Example Prism Magenta Inner.mat using Guid(854b52ee442177745ac03e1917e527a6) Importer(2089858483,0ecaa5967403d082aa24f35e1b516d23) Generated GUIDs only implemented for interfaces!
 -> (artifact id: 'c2579ccb66e8a711b56ebda31f378bcb') in 0.012048 seconds 
========================================================================
Received Import Request.
  Time since last request: 0.000023 seconds.
  path: Assets/Examples/Example Assets/Prefabs/Turntable Object.prefab
  artifactKey: Guid(80d0756f4c667cf4092d709be4ca876d) Importer(2089858483,0ecaa5967403d082aa24f35e1b516d23)
Start importing Assets/Examples/Example Assets/Prefabs/Turntable Object.prefab using Guid(80d0756f4c667cf4092d709be4ca876d) Importer(2089858483,0ecaa5967403d082aa24f35e1b516d23) Generated GUIDs only implemented for interfaces!
 -> (artifact id: '99c3863cd4df75af345dcd02847b276e') in 0.030371 seconds 
========================================================================
Received Import Request.
  Time since last request: 0.000021 seconds.
  path: Assets/Examples/1. XR Examples/2. Building Blocks/1. Basics/2. Attachment Hands.unity
  artifactKey: Guid(e136a15ad33ad024d857c80ab2e20ec8) Importer(2089858483,0ecaa5967403d082aa24f35e1b516d23)
Start importing Assets/Examples/1. XR Examples/2. Building Blocks/1. Basics/2. Attachment Hands.unity using Guid(e136a15ad33ad024d857c80ab2e20ec8) Importer(2089858483,0ecaa5967403d082aa24f35e1b516d23) Generated GUIDs only implemented for interfaces!
 -> (artifact id: '27f6f437cd3251b98e1a3180469a5b6b') in 0.009713 seconds 
========================================================================
Received Import Request.
  Time since last request: 0.000020 seconds.
  path: Assets/Examples/Example Assets/Materials/Red Dark Standard.mat
  artifactKey: Guid(da67de850ecf2ee4ca13ab3720fed439) Importer(2089858483,0ecaa5967403d082aa24f35e1b516d23)
Start importing Assets/Examples/Example Assets/Materials/Red Dark Standard.mat using Guid(da67de850ecf2ee4ca13ab3720fed439) Importer(2089858483,0ecaa5967403d082aa24f35e1b516d23) Generated GUIDs only implemented for interfaces!
 -> (artifact id: '975ed1b7c79246f1c2fc3b8786cebfc8') in 0.012006 seconds 
========================================================================
Received Import Request.
  Time since last request: 0.000024 seconds.
  path: Assets/TextMesh Pro/Resources/Fonts & Materials/LiberationSans SDF - Outline.mat
  artifactKey: Guid(79459efec17a4d00a321bdcc27bbc385) Importer(2089858483,0ecaa5967403d082aa24f35e1b516d23)
Start importing Assets/TextMesh Pro/Resources/Fonts & Materials/LiberationSans SDF - Outline.mat using Guid(79459efec17a4d00a321bdcc27bbc385) Importer(2089858483,0ecaa5967403d082aa24f35e1b516d23) Generated GUIDs only implemented for interfaces!
 -> (artifact id: '5201806ba8ca5d1f597be237753f61ec') in 0.033633 seconds 
========================================================================
Received Import Request.
  Time since last request: 0.000022 seconds.
  path: Assets/Examples/Example Assets/Materials/IE Example Prism Red.mat
  artifactKey: Guid(715d23d2330038e4997eaf7979f4d64f) Importer(2089858483,0ecaa5967403d082aa24f35e1b516d23)
Start importing Assets/Examples/Example Assets/Materials/IE Example Prism Red.mat using Guid(715d23d2330038e4997eaf7979f4d64f) Importer(2089858483,0ecaa5967403d082aa24f35e1b516d23) Generated GUIDs only implemented for interfaces!
 -> (artifact id: '5062327d9fd5c434b3ca4029485b0023') in 0.012449 seconds 
========================================================================
Received Import Request.
  Time since last request: 0.000025 seconds.
  path: Assets/TextMesh Pro/Resources/Style Sheets/Default Style Sheet.asset
  artifactKey: Guid(f952c082cb03451daed3ee968ac6c63e) Importer(2089858483,0ecaa5967403d082aa24f35e1b516d23)
Start importing Assets/TextMesh Pro/Resources/Style Sheets/Default Style Sheet.asset using Guid(f952c082cb03451daed3ee968ac6c63e) Importer(2089858483,0ecaa5967403d082aa24f35e1b516d23) Generated GUIDs only implemented for interfaces!
 -> (artifact id: '95711a02b29e8808fdf2f4f0c85ee8d0') in 0.012283 seconds 
========================================================================
Received Import Request.
  Time since last request: 0.000033 seconds.
  path: Assets/Examples/Example Assets/Scripts/GettingStartedExampleManager.cs
  artifactKey: Guid(c3e9ecae15ba6af4784e88a2e80ecd26) Importer(2089858483,0ecaa5967403d082aa24f35e1b516d23)
Start importing Assets/Examples/Example Assets/Scripts/GettingStartedExampleManager.cs using Guid(c3e9ecae15ba6af4784e88a2e80ecd26) Importer(2089858483,0ecaa5967403d082aa24f35e1b516d23) Generated GUIDs only implemented for interfaces!
 -> (artifact id: '3c8c87aaad78d3e7ae287668fcb7d7b3') in 0.012886 seconds 
========================================================================
Received Import Request.
  Time since last request: 0.000023 seconds.
  path: Assets/Examples/Example Assets/Prefabs/Validator Hands.prefab
  artifactKey: Guid(0880ec87e75460d4abf639011f301cf4) Importer(2089858483,0ecaa5967403d082aa24f35e1b516d23)
Start importing Assets/Examples/Example Assets/Prefabs/Validator Hands.prefab using Guid(0880ec87e75460d4abf639011f301cf4) Importer(2089858483,0ecaa5967403d082aa24f35e1b516d23) Generated GUIDs only implemented for interfaces!
 -> (artifact id: '482f0142dcf52a3bb03ad9cddee6eaf3') in 0.018767 seconds 
========================================================================
Received Import Request.
  Time since last request: 0.000021 seconds.
  path: Assets/Examples/Example Assets/Materials/IE Example Panel Magenta.mat
  artifactKey: Guid(2c27ee87798951a46863d8e0330c6969) Importer(2089858483,0ecaa5967403d082aa24f35e1b516d23)
Start importing Assets/Examples/Example Assets/Materials/IE Example Panel Magenta.mat using Guid(2c27ee87798951a46863d8e0330c6969) Importer(2089858483,0ecaa5967403d082aa24f35e1b516d23) Generated GUIDs only implemented for interfaces!
 -> (artifact id: '0ecfeb5012a3eaa7a7a3fff5f6e49c63') in 0.011722 seconds 
========================================================================
Received Import Request.
  Time since last request: 0.000019 seconds.
  path: Assets/Examples/Example Assets/Scripts/TransformTool.cs
  artifactKey: Guid(8dce46feb2641b644ba8730b3c5e5a66) Importer(2089858483,0ecaa5967403d082aa24f35e1b516d23)
Start importing Assets/Examples/Example Assets/Scripts/TransformTool.cs using Guid(8dce46feb2641b644ba8730b3c5e5a66) Importer(2089858483,0ecaa5967403d082aa24f35e1b516d23) Generated GUIDs only implemented for interfaces!
 -> (artifact id: '56251d02164d8ebb8f671f8e6d2cc8fe') in 0.011697 seconds 
========================================================================
Received Import Request.
  Time since last request: 0.000022 seconds.
  path: Assets/Examples/1. XR Examples/2. Building Blocks/2. Pre-rigged Hands/1. Rigged Hands (Standard).unity
  artifactKey: Guid(5785eadbf9cd8eb4bb16887e98d176db) Importer(2089858483,0ecaa5967403d082aa24f35e1b516d23)
Start importing Assets/Examples/1. XR Examples/2. Building Blocks/2. Pre-rigged Hands/1. Rigged Hands (Standard).unity using Guid(5785eadbf9cd8eb4bb16887e98d176db) Importer(2089858483,0ecaa5967403d082aa24f35e1b516d23) Generated GUIDs only implemented for interfaces!
 -> (artifact id: '0b0024bcc51c523b5b1cc5b3ed551140') in 0.012014 seconds 
========================================================================
Received Import Request.
  Time since last request: 0.000021 seconds.
  path: Assets/Examples/Example Assets/Sounds/LEAP_Drawing_Draw_Loop_01.wav
  artifactKey: Guid(0b801bca5d4f0de44b74cf9666f41e4f) Importer(2089858483,0ecaa5967403d082aa24f35e1b516d23)
Start importing Assets/Examples/Example Assets/Sounds/LEAP_Drawing_Draw_Loop_01.wav using Guid(0b801bca5d4f0de44b74cf9666f41e4f) Importer(2089858483,0ecaa5967403d082aa24f35e1b516d23) Generated GUIDs only implemented for interfaces!
 -> (artifact id: '296796a68ac8247a628aa10964d3f743') in 0.092657 seconds 
========================================================================
Received Import Request.
  Time since last request: 0.000020 seconds.
  path: Assets/Examples/1. XR Examples/2. Building Blocks/4. 3D Interaction/6. Pinch To Paint.unity
  artifactKey: Guid(e616f3200159f1b4daf513a1385e14b0) Importer(2089858483,0ecaa5967403d082aa24f35e1b516d23)
Start importing Assets/Examples/1. XR Examples/2. Building Blocks/4. 3D Interaction/6. Pinch To Paint.unity using Guid(e616f3200159f1b4daf513a1385e14b0) Importer(2089858483,0ecaa5967403d082aa24f35e1b516d23) Generated GUIDs only implemented for interfaces!
 -> (artifact id: 'ecd0c46b0316d5bdd5b7c84d2449db94') in 0.010445 seconds 
========================================================================
Received Import Request.
  Time since last request: 0.000023 seconds.
  path: Assets/Examples/Example Assets/Hands (URP)/Prefabs/LowPolyHandsWithArms (URP) Variant.prefab
  artifactKey: Guid(145cb75e0fc67084a8c9f5991e1dc7a4) Importer(2089858483,0ecaa5967403d082aa24f35e1b516d23)
Start importing Assets/Examples/Example Assets/Hands (URP)/Prefabs/LowPolyHandsWithArms (URP) Variant.prefab using Guid(145cb75e0fc67084a8c9f5991e1dc7a4) Importer(2089858483,0ecaa5967403d082aa24f35e1b516d23) Generated GUIDs only implemented for interfaces!
 -> (artifact id: '1b5eed06305687c0eb71be97b502800c') in 0.033037 seconds 
========================================================================
Received Import Request.
  Time since last request: 0.000028 seconds.
  path: Assets/Samples/Magic Leap XR Plugin/6.4.1/MagicLeap Rendering Samples/Tests/StabilizationTests.cs
  artifactKey: Guid(fe37d617b1b047a46bcf0ff832c56a0a) Importer(2089858483,0ecaa5967403d082aa24f35e1b516d23)
Start importing Assets/Samples/Magic Leap XR Plugin/6.4.1/MagicLeap Rendering Samples/Tests/StabilizationTests.cs using Guid(fe37d617b1b047a46bcf0ff832c56a0a) Importer(2089858483,0ecaa5967403d082aa24f35e1b516d23) Generated GUIDs only implemented for interfaces!
 -> (artifact id: '99a3207a6484fbef2d397e9137b72ea8') in 0.011855 seconds 
========================================================================
Received Import Request.
  Time since last request: 0.000038 seconds.
  path: Assets/Examples/Example Assets/Scripts/PullCord/PullCordHandle.cs
  artifactKey: Guid(fdd80592cce6eb347a269bcc33e364a1) Importer(2089858483,0ecaa5967403d082aa24f35e1b516d23)
Start importing Assets/Examples/Example Assets/Scripts/PullCord/PullCordHandle.cs using Guid(fdd80592cce6eb347a269bcc33e364a1) Importer(2089858483,0ecaa5967403d082aa24f35e1b516d23) Generated GUIDs only implemented for interfaces!
 -> (artifact id: '1d35bd5718c787f42d71230446c14ed9') in 0.012835 seconds 
========================================================================
Received Import Request.
  Time since last request: 0.000023 seconds.
  path: Assets/Examples/Example Assets/Hands (URP)/Shaders/URP_ToonBasicOutline.shader
  artifactKey: Guid(5ce2a36449e6e3d4ea1dda8f161bd966) Importer(2089858483,0ecaa5967403d082aa24f35e1b516d23)
Start importing Assets/Examples/Example Assets/Hands (URP)/Shaders/URP_ToonBasicOutline.shader using Guid(5ce2a36449e6e3d4ea1dda8f161bd966) Importer(2089858483,0ecaa5967403d082aa24f35e1b516d23) Generated GUIDs only implemented for interfaces!
 -> (artifact id: '4500d2ddb0c52d92ca168cfef9f5f4b0') in 0.015295 seconds 
========================================================================
Received Import Request.
  Time since last request: 0.000024 seconds.
  path: Assets/Examples/Example Assets/Scripts/Paint/StrokeProcessor.cs
  artifactKey: Guid(9f511a5c083a6164580effa04f797307) Importer(2089858483,0ecaa5967403d082aa24f35e1b516d23)
Start importing Assets/Examples/Example Assets/Scripts/Paint/StrokeProcessor.cs using Guid(9f511a5c083a6164580effa04f797307) Importer(2089858483,0ecaa5967403d082aa24f35e1b516d23) Generated GUIDs only implemented for interfaces!
 -> (artifact id: 'd5c4a0a7c1f35f690d4fde173b9aca7b') in 0.012731 seconds 
========================================================================
Received Import Request.
  Time since last request: 0.000022 seconds.
  path: Assets/Samples/Magic Leap XR Plugin/6.4.1/Example XR Input Pose Providers - Requires Legacy Input Helpers 2.1.2/XRInputHandProvider.cs
  artifactKey: Guid(1443f1960249dfc458c8c9ee079fe94e) Importer(2089858483,0ecaa5967403d082aa24f35e1b516d23)
Start importing Assets/Samples/Magic Leap XR Plugin/6.4.1/Example XR Input Pose Providers - Requires Legacy Input Helpers 2.1.2/XRInputHandProvider.cs using Guid(1443f1960249dfc458c8c9ee079fe94e) Importer(2089858483,0ecaa5967403d082aa24f35e1b516d23) Generated GUIDs only implemented for interfaces!
 -> (artifact id: '7e4eb1ae63f01b8dc958c2b4b6400155') in 0.015832 seconds 
========================================================================
Received Import Request.
  Time since last request: 0.000023 seconds.
  path: Assets/Samples/Magic Leap XR Plugin/6.4.1/MagicLeap Rendering Samples/Runtime/Unity.MagicLeap.Samples.Rendering.asmdef
  artifactKey: Guid(4e3c30dd36847b044bbb0be47153a753) Importer(2089858483,0ecaa5967403d082aa24f35e1b516d23)
Start importing Assets/Samples/Magic Leap XR Plugin/6.4.1/MagicLeap Rendering Samples/Runtime/Unity.MagicLeap.Samples.Rendering.asmdef using Guid(4e3c30dd36847b044bbb0be47153a753) Importer(2089858483,0ecaa5967403d082aa24f35e1b516d23) Generated GUIDs only implemented for interfaces!
 -> (artifact id: 'a9d8d1356de93dece13f5fe52ca9bd92') in 0.016440 seconds 
========================================================================
Received Prepare
Refreshing native plugins compatible for Editor in 5.88 ms, found 6 plugins.
Preloading 0 native plugins for Editor in 0.00 ms.
Unloading 22 Unused Serialized files (Serialized files now loaded: 0)
Unloading 22 unused Assets / (48.2 KB). Loaded Objects now: 4100.
Memory consumption went from 59.8 MB to 59.8 MB.
Total: 4.753400 ms (FindLiveObjects: 0.475100 ms CreateObjectMapping: 0.174900 ms MarkObjects: 4.017800 ms  DeleteObjects: 0.084200 ms)

AssetImportParameters requested are different than current active one (requested -> active):
  custom:video-decoder-ogg-theora: a1e56fd34408186e4bbccfd4996cb3dc -> 
  custom:container-muxer-webm: aa71ff27fc2769a1b78a27578f13a17b -> 
  custom:container-demuxer-webm: 4f35f7cbe854078d1ac9338744f61a02 -> 
  custom:video-encoder-webm-vp8: eb34c28f22e8b96e1ab97ce403110664 -> 
  custom:audio-encoder-webm-vorbis: bf7c407c2cedff20999df2af8eb42d56 -> 
  custom:framework-win-MediaFoundation: 216162199b28c13a410421893ffa2e32 -> 
  custom:SearchIndexIgnoredProperties: e643bd26f0fe6173181afceb89e7c659 -> 
  custom:container-demuxer-ogg: 62fdf1f143b41e24485cea50d1cbac27 -> 
  custom:video-decoder-webm-vp8: 9c59270c3fd7afecdb556c50c9e8de78 -> 
  custom:audio-decoder-ogg-vorbis: bf7c407c2cedff20999df2af8eb42d56 -> 
